2025-07-29 09:52:51.4182|INFO|browserstack_sdk.Program|SDK run started with id: 40bf78cd-d6be-405a-a9b5-e7796298309f
2025-07-29 09:52:51.4303|INFO|browserstack_sdk.Program|Running SDK with args: --add-patch-bstack, obj\Debug, D:\TestAppium\SimpleAppium\bin\Debug\SimpleAppium.dll, Debug
2025-07-29 09:52:51.4669|INFO|browserstack_sdk.utils|Using dotnet: C:\Program Files\dotnet\dotnet.exe
2025-07-29 09:52:53.2614|ERROR|browserstack_sdk.Program|Couldn't find Selenium.WebDriver or Microsoft.Playwright, exiting with code 1
2025-07-29 10:05:48.8201|INFO|browserstack_sdk.Program|SDK run started with id: 9560e962-4660-446f-9997-9779c737f9f4
2025-07-29 10:05:48.8391|INFO|browserstack_sdk.Program|Running SDK with args: --add-patch-bstack, obj\Debug, D:\TestAppium\SimpleAppium\bin\Debug\SimpleAppium.dll, Debug
2025-07-29 10:05:48.8802|INFO|browserstack_sdk.utils|Using dotnet: C:\Program Files\dotnet\dotnet.exe
2025-07-29 10:05:50.6992|ERROR|browserstack_sdk.Program|Couldn't find Selenium.WebDriver or Microsoft.Playwright, exiting with code 1
2025-07-29 10:27:51.3703|INFO|browserstack_sdk.Program|SDK run started with id: cf3b2f19-22b3-4ff5-92d7-b98c7294d46d
2025-07-29 10:27:51.3846|INFO|browserstack_sdk.Program|Running SDK with args: 
2025-07-29 10:27:51.4030|INFO|browserstack_sdk.utils|Using dotnet: C:\Program Files\dotnet\dotnet.exe
2025-07-29 10:27:53.0125|ERROR|browserstack_sdk.Program|Couldn't find Selenium.WebDriver or Microsoft.Playwright, exiting with code 1
2025-07-29 10:28:41.9455|INFO|browserstack_sdk.Program|SDK run started with id: a1e81f21-1b64-44bf-a105-aaa9a2d3fe4f
2025-07-29 10:28:41.9663|INFO|browserstack_sdk.Program|Running SDK with args: 
2025-07-29 10:28:41.9795|INFO|browserstack_sdk.utils|Using dotnet: C:\Program Files\dotnet\dotnet.exe
2025-07-29 10:28:43.5738|ERROR|browserstack_sdk.Program|Couldn't find Selenium.WebDriver or Microsoft.Playwright, exiting with code 1
2025-07-29 10:28:56.6669|INFO|browserstack_sdk.Program|SDK run started with id: 37fcb367-75ec-4bb7-8569-d4c432caeb43
2025-07-29 10:28:56.6669|INFO|browserstack_sdk.Program|Running SDK with args: --add-patch-bstack, obj\Debug, D:\TestAppium\SimpleAppium\bin\Debug\SimpleAppium.dll, Debug
2025-07-29 10:28:56.7116|INFO|browserstack_sdk.utils|Using dotnet: C:\Program Files\dotnet\dotnet.exe
2025-07-29 10:28:58.2639|ERROR|browserstack_sdk.Program|Couldn't find Selenium.WebDriver or Microsoft.Playwright, exiting with code 1
2025-07-29 10:29:30.6506|INFO|browserstack_sdk.Program|SDK run started with id: cc7d15de-b82e-40b9-8a0b-918fcf719327
2025-07-29 10:29:30.6708|INFO|browserstack_sdk.Program|Running SDK with args: 
2025-07-29 10:29:30.6851|INFO|browserstack_sdk.utils|Using dotnet: C:\Program Files\dotnet\dotnet.exe
2025-07-29 10:29:32.1661|ERROR|browserstack_sdk.Program|Couldn't find Selenium.WebDriver or Microsoft.Playwright, exiting with code 1
2025-07-29 10:34:05.0236|INFO|browserstack_sdk.Program|SDK run started with id: 4e67201b-eb19-4544-8893-04f1ef64eaba
2025-07-29 10:34:05.0460|INFO|browserstack_sdk.Program|Running SDK with args: 
2025-07-29 10:34:05.0619|INFO|browserstack_sdk.utils|Using dotnet: C:\Program Files\dotnet\dotnet.exe
2025-07-29 10:34:06.6123|ERROR|browserstack_sdk.Program|Couldn't find Selenium.WebDriver or Microsoft.Playwright, exiting with code 1
2025-07-29 10:39:57.8875|INFO|browserstack_sdk.Program|SDK run started with id: c14dd4ce-3c53-40ea-b857-82a50be50603
2025-07-29 10:39:57.8976|INFO|browserstack_sdk.Program|Running SDK with args: 
2025-07-29 10:39:57.8976|INFO|browserstack_sdk.utils|Using dotnet: C:\Program Files\dotnet\dotnet.exe
2025-07-29 10:39:59.5698|INFO|browserstack_sdk.Program|Detected Selenium version 4.34.0
2025-07-29 10:39:59.5698|INFO|browserstack_sdk.Program|Detected Appium version 8.0.0
2025-07-29 10:39:59.5698|INFO|browserstack_sdk.Program|Running for f/w vanila none
2025-07-29 10:39:59.6880|INFO|browserstack_sdk.Program|Detected dotnet version 8.0.400
2025-07-29 10:39:59.7037|ERROR|browserstack_sdk.Program|Uncaught exception occured: System.Exception: Config file does not exist at any parent directory of . Please include a browserstack.yml/browserstack.yaml file containing configuration for tests.
   at browserstack_sdk.YamlParser.parse(String browserStackConfigFilePath, JObject cliArgs, String projectDir) in D:\a\browserstack-csharp-sdk\browserstack-csharp-sdk\run-browserstack\browserstack-sdk\ParseYaml.cs:line 770
   at browserstack_sdk.Program.Main(String[] args) in D:\a\browserstack-csharp-sdk\browserstack-csharp-sdk\run-browserstack\browserstack-sdk\Program.cs:line 659
2025-07-29 10:56:39.6034|INFO|browserstack_sdk.Program|SDK run started with id: 648883c3-65af-4c9f-a3c9-a1b6fb208d50
2025-07-29 10:56:39.6267|INFO|browserstack_sdk.Program|Running SDK with args: 
2025-07-29 10:56:39.6447|INFO|browserstack_sdk.utils|Using dotnet: C:\Program Files\dotnet\dotnet.exe
2025-07-29 10:56:41.4638|INFO|browserstack_sdk.Program|Detected Selenium version 4.34.0
2025-07-29 10:56:41.4638|INFO|browserstack_sdk.Program|Detected Appium version 8.0.0
2025-07-29 10:56:41.4638|INFO|browserstack_sdk.Program|Running for f/w vanila none
2025-07-29 10:56:41.6062|INFO|browserstack_sdk.Program|Detected dotnet version 8.0.400
2025-07-29 10:56:41.6225|ERROR|browserstack_sdk.Program|Uncaught exception occured: System.Exception: Config file does not exist at any parent directory of . Please include a browserstack.yml/browserstack.yaml file containing configuration for tests.
   at browserstack_sdk.YamlParser.parse(String browserStackConfigFilePath, JObject cliArgs, String projectDir) in D:\a\browserstack-csharp-sdk\browserstack-csharp-sdk\run-browserstack\browserstack-sdk\ParseYaml.cs:line 770
   at browserstack_sdk.Program.Main(String[] args) in D:\a\browserstack-csharp-sdk\browserstack-csharp-sdk\run-browserstack\browserstack-sdk\Program.cs:line 659
2025-07-29 10:57:53.8999|INFO|browserstack_sdk.Program|SDK run started with id: f9e97f51-9014-4408-b3bc-53df377a5105
2025-07-29 10:57:53.9234|INFO|browserstack_sdk.Program|Running SDK with args: 
2025-07-29 10:57:53.9403|INFO|browserstack_sdk.utils|Using dotnet: C:\Program Files\dotnet\dotnet.exe
2025-07-29 10:57:55.5753|INFO|browserstack_sdk.Program|Detected Selenium version 4.34.0
2025-07-29 10:57:55.5753|INFO|browserstack_sdk.Program|Detected Appium version 8.0.0
2025-07-29 10:57:55.5753|INFO|browserstack_sdk.Program|Running for f/w vanila none
2025-07-29 10:57:55.7087|INFO|browserstack_sdk.Program|Detected dotnet version 8.0.400
2025-07-29 10:57:55.7204|ERROR|browserstack_sdk.Program|Uncaught exception occured: System.Exception: Config file does not exist at any parent directory of . Please include a browserstack.yml/browserstack.yaml file containing configuration for tests.
   at browserstack_sdk.YamlParser.parse(String browserStackConfigFilePath, JObject cliArgs, String projectDir) in D:\a\browserstack-csharp-sdk\browserstack-csharp-sdk\run-browserstack\browserstack-sdk\ParseYaml.cs:line 770
   at browserstack_sdk.Program.Main(String[] args) in D:\a\browserstack-csharp-sdk\browserstack-csharp-sdk\run-browserstack\browserstack-sdk\Program.cs:line 659
2025-07-29 10:58:45.1797|INFO|browserstack_sdk.Program|SDK run started with id: 7e86bc16-a101-4b7f-9ae8-eaf63ce9aae5
2025-07-29 10:58:45.2064|INFO|browserstack_sdk.Program|Running SDK with args: --add-patch-bstack, obj\Debug, D:\TestAppium\SimpleAppium\bin\Debug\SimpleAppium.dll, Debug
2025-07-29 10:58:45.2434|INFO|browserstack_sdk.utils|Using dotnet: C:\Program Files\dotnet\dotnet.exe
2025-07-29 10:58:47.3670|INFO|browserstack_sdk.Program|Detected Selenium version 4.34.0
2025-07-29 10:58:47.3670|INFO|browserstack_sdk.Program|Detected Appium version 8.0.0
2025-07-29 10:58:47.3670|INFO|browserstack_sdk.Program|Running for f/w vanila none
2025-07-29 10:58:47.4924|INFO|browserstack_sdk.Program|Detected dotnet version 8.0.400
2025-07-29 10:58:47.5079|ERROR|browserstack_sdk.Program|Uncaught exception occured: System.Exception: Config file does not exist at any parent directory of . Please include a browserstack.yml/browserstack.yaml file containing configuration for tests.
   at browserstack_sdk.YamlParser.parse(String browserStackConfigFilePath, JObject cliArgs, String projectDir) in D:\a\browserstack-csharp-sdk\browserstack-csharp-sdk\run-browserstack\browserstack-sdk\ParseYaml.cs:line 770
   at browserstack_sdk.Program.Main(String[] args) in D:\a\browserstack-csharp-sdk\browserstack-csharp-sdk\run-browserstack\browserstack-sdk\Program.cs:line 659
2025-07-29 11:02:39.3351|INFO|browserstack_sdk.Program|SDK run started with id: 5adc49d6-fe9e-422a-a5e6-5d9fe8305926
2025-07-29 11:02:39.3550|INFO|browserstack_sdk.Program|Running SDK with args: 
2025-07-29 11:02:39.3694|INFO|browserstack_sdk.utils|Using dotnet: C:\Program Files\dotnet\dotnet.exe
2025-07-29 11:02:41.6949|INFO|browserstack_sdk.Program|Detected Selenium version 4.34.0
2025-07-29 11:02:41.6949|INFO|browserstack_sdk.Program|Detected Appium version 8.0.0
2025-07-29 11:02:41.6949|INFO|browserstack_sdk.Program|Running for f/w vanila none
2025-07-29 11:02:41.8614|INFO|browserstack_sdk.Program|Detected dotnet version 8.0.400
2025-07-29 11:02:46.5761|INFO|browserstack_sdk.Program|Building project
2025-07-29 11:03:09.3193|ERROR|browserstack_sdk.Program|Build failed with error
2025-07-29 11:03:09.3193|ERROR|browserstack_sdk.Program|
  Determining projects to restore...
  Restored D:\TestAppium\SimpleAppium\SimpleAppium.csproj (in 350 ms).
  "Using dotnet "C:\Program Files\dotnet\dotnet.exe""
  Creating this template will make changes to existing files:
    Overwrite   ./.config/dotnet-tools.json
  
  To create the template anyway, run the command with '--force' option:
     dotnet new tool-manifest --force
  
  
  For details on the exit code, refer to https://aka.ms/templating-exit-codes#73
D:\TestAppium\SimpleAppium\packages\BrowserStack.TestAdapter.0.17.0\build\BrowserStack.TestAdapter.targets(31,5): warning MSB3073: The command ""C:\Program Files\dotnet\dotnet.exe" new tool-manifest" exited with code 73. [D:\TestAppium\SimpleAppium\SimpleAppium.csproj]
  Tool 'browserstack-sdk' is up to date (version '1.20.0' manifest file D:\TestAppium\SimpleAppium\.config\dotnet-tools.json) .
  2025-07-29 11:02:49.8061|INFO|browserstack_sdk.Program|SDK run started with id: b54f7897-f318-4f68-b720-813b5ab35723
  2025-07-29 11:02:49.8360|INFO|browserstack_sdk.Program|Running SDK with args: --add-patch-bstack, obj\Debug, D:\TestAppium\SimpleAppium\bin\Debug\SimpleAppium.dll, Debug
  2025-07-29 11:02:49.8799|INFO|browserstack_sdk.utils|Using dotnet: C:\Program Files\dotnet\dotnet.exe
  2025-07-29 11:02:51.9145|INFO|browserstack_sdk.Program|Detected Selenium version 4.34.0
  2025-07-29 11:02:51.9145|INFO|browserstack_sdk.Program|Detected Appium version 8.0.0
  2025-07-29 11:02:51.9145|INFO|browserstack_sdk.Program|Running for f/w vanila none
  2025-07-29 11:02:52.1379|INFO|browserstack_sdk.Program|Detected dotnet version 8.0.400
  2025-07-29 11:02:52.2969|INFO|browserstack_sdk.utils|Using dotnet: C:\Program Files\dotnet\dotnet.exe
D:\TestAppium\SimpleAppium\Pages\DashboardPage.cs(11,7): warning CS0105: The using directive for 'System.Collections.Generic' appeared previously in this namespace [D:\TestAppium\SimpleAppium\SimpleAppium.csproj]
D:\TestAppium\SimpleAppium\obj\Debug\BrowserStackPatch.cs(25,7): error CS0246: The type or namespace name 'BrowserStackSDK' could not be found (are you missing a using directive or an assembly reference?) [D:\TestAppium\SimpleAppium\SimpleAppium.csproj]
D:\TestAppium\SimpleAppium\obj\Debug\BrowserStackPatch.cs(26,7): error CS0246: The type or namespace name 'BrowserStackSDK' could not be found (are you missing a using directive or an assembly reference?) [D:\TestAppium\SimpleAppium\SimpleAppium.csproj]
D:\TestAppium\SimpleAppium\obj\Debug\BrowserStackPatch.cs(27,7): error CS0246: The type or namespace name 'BrowserStackSDK' could not be found (are you missing a using directive or an assembly reference?) [D:\TestAppium\SimpleAppium\SimpleAppium.csproj]
D:\TestAppium\SimpleAppium\obj\Debug\BrowserStackPatch.cs(28,7): error CS0246: The type or namespace name 'BrowserStackSDK' could not be found (are you missing a using directive or an assembly reference?) [D:\TestAppium\SimpleAppium\SimpleAppium.csproj]
D:\TestAppium\SimpleAppium\obj\Debug\BrowserStackPatch.cs(29,7): error CS0246: The type or namespace name 'BrowserStackSDK' could not be found (are you missing a using directive or an assembly reference?) [D:\TestAppium\SimpleAppium\SimpleAppium.csproj]
D:\TestAppium\SimpleAppium\obj\Debug\BrowserStackPatch.cs(30,7): error CS0246: The type or namespace name 'BrowserStackSDK' could not be found (are you missing a using directive or an assembly reference?) [D:\TestAppium\SimpleAppium\SimpleAppium.csproj]
D:\TestAppium\SimpleAppium\obj\Debug\BrowserStackPatch.cs(31,7): error CS0246: The type or namespace name 'BrowserStackSDK' could not be found (are you missing a using directive or an assembly reference?) [D:\TestAppium\SimpleAppium\SimpleAppium.csproj]
D:\TestAppium\SimpleAppium\obj\Debug\BrowserStackPatch.cs(32,7): error CS0246: The type or namespace name 'BrowserstackSDK' could not be found (are you missing a using directive or an assembly reference?) [D:\TestAppium\SimpleAppium\SimpleAppium.csproj]
D:\TestAppium\SimpleAppium\obj\Debug\BrowserStackPatch.cs(33,7): error CS0246: The type or namespace name 'BrowserstackSDK' could not be found (are you missing a using directive or an assembly reference?) [D:\TestAppium\SimpleAppium\SimpleAppium.csproj]
D:\TestAppium\SimpleAppium\obj\Debug\BrowserStackPatch.cs(34,7): error CS0246: The type or namespace name 'BrowserstackSDK' could not be found (are you missing a using directive or an assembly reference?) [D:\TestAppium\SimpleAppium\SimpleAppium.csproj]
D:\TestAppium\SimpleAppium\obj\Debug\BrowserStackPatch.cs(854,30): error CS8370: Feature 'nullable reference types' is not available in C# 7.3. Please use language version 8.0 or greater. [D:\TestAppium\SimpleAppium\SimpleAppium.csproj]
D:\TestAppium\SimpleAppium\obj\Debug\BrowserStackPatch.cs(852,24): error CS8370: Feature 'nullable reference types' is not available in C# 7.3. Please use language version 8.0 or greater. [D:\TestAppium\SimpleAppium\SimpleAppium.csproj]
D:\TestAppium\SimpleAppium\obj\Debug\BrowserStackPatch.cs(183,19): error CS0246: The type or namespace name 'Context' could not be found (are you missing a using directive or an assembly reference?) [D:\TestAppium\SimpleAppium\SimpleAppium.csproj]
D:\TestAppium\SimpleAppium\obj\Debug\BrowserStackPatch.cs(56,6): error CS0122: 'ModuleInitializerAttribute' is inaccessible due to its protection level [D:\TestAppium\SimpleAppium\SimpleAppium.csproj]

Build FAILED.

D:\TestAppium\SimpleAppium\packages\BrowserStack.TestAdapter.0.17.0\build\BrowserStack.TestAdapter.targets(31,5): warning MSB3073: The command ""C:\Program Files\dotnet\dotnet.exe" new tool-manifest" exited with code 73. [D:\TestAppium\SimpleAppium\SimpleAppium.csproj]
D:\TestAppium\SimpleAppium\Pages\DashboardPage.cs(11,7): warning CS0105: The using directive for 'System.Collections.Generic' appeared previously in this namespace [D:\TestAppium\SimpleAppium\SimpleAppium.csproj]
D:\TestAppium\SimpleAppium\obj\Debug\BrowserStackPatch.cs(25,7): error CS0246: The type or namespace name 'BrowserStackSDK' could not be found (are you missing a using directive or an assembly reference?) [D:\TestAppium\SimpleAppium\SimpleAppium.csproj]
D:\TestAppium\SimpleAppium\obj\Debug\BrowserStackPatch.cs(26,7): error CS0246: The type or namespace name 'BrowserStackSDK' could not be found (are you missing a using directive or an assembly reference?) [D:\TestAppium\SimpleAppium\SimpleAppium.csproj]
D:\TestAppium\SimpleAppium\obj\Debug\BrowserStackPatch.cs(27,7): error CS0246: The type or namespace name 'BrowserStackSDK' could not be found (are you missing a using directive or an assembly reference?) [D:\TestAppium\SimpleAppium\SimpleAppium.csproj]
D:\TestAppium\SimpleAppium\obj\Debug\BrowserStackPatch.cs(28,7): error CS0246: The type or namespace name 'BrowserStackSDK' could not be found (are you missing a using directive or an assembly reference?) [D:\TestAppium\SimpleAppium\SimpleAppium.csproj]
D:\TestAppium\SimpleAppium\obj\Debug\BrowserStackPatch.cs(29,7): error CS0246: The type or namespace name 'BrowserStackSDK' could not be found (are you missing a using directive or an assembly reference?) [D:\TestAppium\SimpleAppium\SimpleAppium.csproj]
D:\TestAppium\SimpleAppium\obj\Debug\BrowserStackPatch.cs(30,7): error CS0246: The type or namespace name 'BrowserStackSDK' could not be found (are you missing a using directive or an assembly reference?) [D:\TestAppium\SimpleAppium\SimpleAppium.csproj]
D:\TestAppium\SimpleAppium\obj\Debug\BrowserStackPatch.cs(31,7): error CS0246: The type or namespace name 'BrowserStackSDK' could not be found (are you missing a using directive or an assembly reference?) [D:\TestAppium\SimpleAppium\SimpleAppium.csproj]
D:\TestAppium\SimpleAppium\obj\Debug\BrowserStackPatch.cs(32,7): error CS0246: The type or namespace name 'BrowserstackSDK' could not be found (are you missing a using directive or an assembly reference?) [D:\TestAppium\SimpleAppium\SimpleAppium.csproj]
D:\TestAppium\SimpleAppium\obj\Debug\BrowserStackPatch.cs(33,7): error CS0246: The type or namespace name 'BrowserstackSDK' could not be found (are you missing a using directive or an assembly reference?) [D:\TestAppium\SimpleAppium\SimpleAppium.csproj]
D:\TestAppium\SimpleAppium\obj\Debug\BrowserStackPatch.cs(34,7): error CS0246: The type or namespace name 'BrowserstackSDK' could not be found (are you missing a using directive or an assembly reference?) [D:\TestAppium\SimpleAppium\SimpleAppium.csproj]
D:\TestAppium\SimpleAppium\obj\Debug\BrowserStackPatch.cs(854,30): error CS8370: Feature 'nullable reference types' is not available in C# 7.3. Please use language version 8.0 or greater. [D:\TestAppium\SimpleAppium\SimpleAppium.csproj]
D:\TestAppium\SimpleAppium\obj\Debug\BrowserStackPatch.cs(852,24): error CS8370: Feature 'nullable reference types' is not available in C# 7.3. Please use language version 8.0 or greater. [D:\TestAppium\SimpleAppium\SimpleAppium.csproj]
D:\TestAppium\SimpleAppium\obj\Debug\BrowserStackPatch.cs(183,19): error CS0246: The type or namespace name 'Context' could not be found (are you missing a using directive or an assembly reference?) [D:\TestAppium\SimpleAppium\SimpleAppium.csproj]
D:\TestAppium\SimpleAppium\obj\Debug\BrowserStackPatch.cs(56,6): error CS0122: 'ModuleInitializerAttribute' is inaccessible due to its protection level [D:\TestAppium\SimpleAppium\SimpleAppium.csproj]
    2 Warning(s)
    14 Error(s)

Time Elapsed 00:00:20.81

Workload updates are available. Run `dotnet workload list` for more information.

2025-07-29 11:07:27.6852|INFO|browserstack_sdk.Program|SDK run started with id: abab8c5c-a4c0-49b4-bf9f-3850791cec48
2025-07-29 11:07:27.6962|INFO|browserstack_sdk.Program|Running SDK with args: 
2025-07-29 11:07:27.7153|INFO|browserstack_sdk.utils|Using dotnet: C:\Program Files\dotnet\dotnet.exe
2025-07-29 11:07:29.4928|INFO|browserstack_sdk.Program|Detected Selenium version 4.34.0
2025-07-29 11:07:29.4928|INFO|browserstack_sdk.Program|Detected Appium version 8.0.0
2025-07-29 11:07:29.4928|INFO|browserstack_sdk.Program|Running for f/w vanila none
2025-07-29 11:07:29.6163|INFO|browserstack_sdk.Program|Detected dotnet version 8.0.400
2025-07-29 11:07:58.6927|INFO|browserstack_sdk.utils|App Uploaded Successfully. ID : bs://763acc47bbf87a9cc0b365296bb238fab8db4d17
2025-07-29 11:07:58.6986|INFO|browserstack_sdk.Configuration|Using App : bs://763acc47bbf87a9cc0b365296bb238fab8db4d17.
2025-07-29 11:07:58.6986|INFO|browserstack_sdk.Program|Building project
2025-07-29 11:08:06.7089|ERROR|browserstack_sdk.Program|Build failed with error
2025-07-29 11:08:06.7106|ERROR|browserstack_sdk.Program|
  Determining projects to restore...
  All projects are up-to-date for restore.
D:\TestAppium\SimpleAppium\Pages\DashboardPage.cs(11,7): warning CS0105: The using directive for 'System.Collections.Generic' appeared previously in this namespace [D:\TestAppium\SimpleAppium\SimpleAppium.csproj]
  SimpleAppium -> D:\TestAppium\SimpleAppium\bin\Debug\SimpleAppium.dll
  2025-07-29 11:08:01.3319|INFO|browserstack_sdk.Program|SDK run started with id: e28812b1-d13c-4302-b26e-b444494e55c0
  2025-07-29 11:08:01.3444|INFO|browserstack_sdk.Program|Running SDK with args: --remove-adapter, obj\Debug\, D:\TestAppium\SimpleAppium\bin\Debug\SimpleAppium.dll
  2025-07-29 11:08:01.3444|INFO|browserstack_sdk.Program|Request to remove Adapter
  2025-07-29 11:08:01.3444|INFO|browserstack_sdk.Program|Deleting TestAdapter
  2025-07-29 11:08:01.3609|ERROR|browserstack_sdk.Program|Exception in moving test adapter file: System.IO.FileNotFoundException: Could not find file 'D:\TestAppium\SimpleAppium\bin\Debug\00BrowserStack.TestAdapter.dll'.
  File name: 'D:\TestAppium\SimpleAppium\bin\Debug\00BrowserStack.TestAdapter.dll'
     at System.IO.File.Move(String sourceFileName, String destFileName, Boolean overwrite)
     at browserstack_sdk.Program.Main(String[] args) in D:\a\browserstack-csharp-sdk\browserstack-csharp-sdk\run-browserstack\browserstack-sdk\Program.cs:line 417
  2025-07-29 11:08:01.3609|ERROR|browserstack_sdk.Program|Uncaught exception occured: System.Exception: Can't move test adapter
     at browserstack_sdk.Program.Main(String[] args) in D:\a\browserstack-csharp-sdk\browserstack-csharp-sdk\run-browserstack\browserstack-sdk\Program.cs:line 422
  Unhandled exception. System.Exception: System.Exception: Can't move test adapter
     at browserstack_sdk.Program.Main(String[] args) in D:\a\browserstack-csharp-sdk\browserstack-csharp-sdk\run-browserstack\browserstack-sdk\Program.cs:line 422
     at browserstack_sdk.Program.Main(String[] args) in D:\a\browserstack-csharp-sdk\browserstack-csharp-sdk\run-browserstack\browserstack-sdk\Program.cs:line 1072
D:\TestAppium\SimpleAppium\packages\BrowserStack.TestAdapter.0.17.0\build\BrowserStack.TestAdapter.targets(80,5): error MSB3073: The command ""C:\Program Files\dotnet\dotnet.exe" browserstack-sdk --remove-adapter obj\Debug\ D:\TestAppium\SimpleAppium\bin\Debug\SimpleAppium.dll" exited with code -532462766. [D:\TestAppium\SimpleAppium\SimpleAppium.csproj]

Build FAILED.

D:\TestAppium\SimpleAppium\Pages\DashboardPage.cs(11,7): warning CS0105: The using directive for 'System.Collections.Generic' appeared previously in this namespace [D:\TestAppium\SimpleAppium\SimpleAppium.csproj]
D:\TestAppium\SimpleAppium\packages\BrowserStack.TestAdapter.0.17.0\build\BrowserStack.TestAdapter.targets(80,5): error MSB3073: The command ""C:\Program Files\dotnet\dotnet.exe" browserstack-sdk --remove-adapter obj\Debug\ D:\TestAppium\SimpleAppium\bin\Debug\SimpleAppium.dll" exited with code -532462766. [D:\TestAppium\SimpleAppium\SimpleAppium.csproj]
    1 Warning(s)
    1 Error(s)

Time Elapsed 00:00:07.73

Workload updates are available. Run `dotnet workload list` for more information.

2025-07-29 11:10:45.3673|INFO|browserstack_sdk.Program|SDK run started with id: 34d72d0f-7e9a-4c45-9edb-352a734c2cb6
2025-07-29 11:10:45.3876|INFO|browserstack_sdk.Program|Running SDK with args: --add-patch-bstack, obj\Debug, D:\TestAppium\SimpleAppium\bin\Debug\SimpleAppium.dll, Debug
2025-07-29 11:10:45.4219|INFO|browserstack_sdk.utils|Using dotnet: C:\Program Files\dotnet\dotnet.exe
2025-07-29 11:10:47.3745|INFO|browserstack_sdk.Program|Detected Selenium version 4.34.0
2025-07-29 11:10:47.3745|INFO|browserstack_sdk.Program|Detected Appium version 8.0.0
2025-07-29 11:10:47.3745|INFO|browserstack_sdk.Program|Running for f/w vanila none
2025-07-29 11:10:47.5094|INFO|browserstack_sdk.Program|Detected dotnet version 8.0.400
2025-07-29 11:10:47.7709|INFO|browserstack_sdk.utils|Using existing app id bs://763acc47bbf87a9cc0b365296bb238fab8db4d17 for hash : f3a65f0d3a0410ad3287c3b515393680.
2025-07-29 11:10:47.7709|INFO|browserstack_sdk.Configuration|Using App : bs://763acc47bbf87a9cc0b365296bb238fab8db4d17.
2025-07-29 11:10:47.8084|INFO|browserstack_sdk.utils|Using dotnet: C:\Program Files\dotnet\dotnet.exe
2025-07-29 11:12:33.8370|INFO|browserstack_sdk.Program|SDK run started with id: 6917f6f8-0356-43a3-9b73-b9208647f13d
2025-07-29 11:12:33.8370|INFO|browserstack_sdk.Program|Running SDK with args: --add-patch-bstack, obj\Debug, D:\TestAppium\SimpleAppium\bin\Debug\SimpleAppium.dll, Debug
2025-07-29 11:12:33.8796|INFO|browserstack_sdk.utils|Using dotnet: C:\Program Files\dotnet\dotnet.exe
2025-07-29 11:12:36.1814|INFO|browserstack_sdk.Program|Detected Selenium version 4.34.0
2025-07-29 11:12:36.1814|INFO|browserstack_sdk.Program|Detected Appium version 8.0.0
2025-07-29 11:12:36.1814|INFO|browserstack_sdk.Program|Running for f/w vanila none
2025-07-29 11:12:36.3287|INFO|browserstack_sdk.Program|Detected dotnet version 8.0.400
2025-07-29 11:12:36.5931|INFO|browserstack_sdk.utils|Using existing app id bs://763acc47bbf87a9cc0b365296bb238fab8db4d17 for hash : f3a65f0d3a0410ad3287c3b515393680.
2025-07-29 11:12:36.5931|INFO|browserstack_sdk.Configuration|Using App : bs://763acc47bbf87a9cc0b365296bb238fab8db4d17.
2025-07-29 11:12:36.6173|INFO|browserstack_sdk.utils|Using dotnet: C:\Program Files\dotnet\dotnet.exe
2025-07-29 11:15:17.5083|INFO|browserstack_sdk.Program|SDK run started with id: 99213faa-2b50-4ed5-b55f-120b6961dd17
2025-07-29 11:15:17.5273|INFO|browserstack_sdk.Program|Running SDK with args: --add-patch-bstack, obj\Debug, D:\TestAppium\SimpleAppium\bin\Debug\SimpleAppium.dll, Debug
2025-07-29 11:15:17.5613|INFO|browserstack_sdk.utils|Using dotnet: C:\Program Files\dotnet\dotnet.exe
2025-07-29 11:15:19.6803|INFO|browserstack_sdk.Program|Detected Selenium version 4.34.0
2025-07-29 11:15:19.6803|INFO|browserstack_sdk.Program|Detected Appium version 8.0.0
2025-07-29 11:15:19.6803|INFO|browserstack_sdk.Program|Running for f/w vanila none
2025-07-29 11:15:19.8314|INFO|browserstack_sdk.Program|Detected dotnet version 8.0.400
2025-07-29 11:15:20.0909|INFO|browserstack_sdk.utils|Using existing app id bs://763acc47bbf87a9cc0b365296bb238fab8db4d17 for hash : f3a65f0d3a0410ad3287c3b515393680.
2025-07-29 11:15:20.0909|INFO|browserstack_sdk.Configuration|Using App : bs://763acc47bbf87a9cc0b365296bb238fab8db4d17.
2025-07-29 11:15:20.1072|INFO|browserstack_sdk.utils|Using dotnet: C:\Program Files\dotnet\dotnet.exe
2025-07-29 11:17:33.7103|INFO|browserstack_sdk.Program|SDK run started with id: 2cc1207a-18df-491f-aced-67bb1dcb6483
2025-07-29 11:17:33.7328|INFO|browserstack_sdk.Program|Running SDK with args: --add-patch-bstack, obj\Debug, D:\TestAppium\SimpleAppium\bin\Debug\SimpleAppium.dll, Debug
2025-07-29 11:17:33.7734|INFO|browserstack_sdk.utils|Using dotnet: C:\Program Files\dotnet\dotnet.exe
2025-07-29 11:17:35.6356|INFO|browserstack_sdk.Program|Detected Selenium version 4.34.0
2025-07-29 11:17:35.6356|INFO|browserstack_sdk.Program|Detected Appium version 8.0.0
2025-07-29 11:17:35.6356|INFO|browserstack_sdk.Program|Running for f/w vanila none
2025-07-29 11:17:35.7681|INFO|browserstack_sdk.Program|Detected dotnet version 8.0.400
2025-07-29 11:17:36.0607|INFO|browserstack_sdk.utils|Using existing app id bs://763acc47bbf87a9cc0b365296bb238fab8db4d17 for hash : f3a65f0d3a0410ad3287c3b515393680.
2025-07-29 11:17:36.0607|INFO|browserstack_sdk.Configuration|Using App : bs://763acc47bbf87a9cc0b365296bb238fab8db4d17.
2025-07-29 11:17:36.0855|INFO|browserstack_sdk.utils|Using dotnet: C:\Program Files\dotnet\dotnet.exe
2025-07-29 11:20:13.6498|INFO|browserstack_sdk.Program|SDK run started with id: f64d2819-185f-42b5-8338-fcb97a874ff9
2025-07-29 11:20:13.6498|INFO|browserstack_sdk.Program|Running SDK with args: --add-patch-bstack, obj\Debug, D:\TestAppium\SimpleAppium\bin\Debug\SimpleAppium.dll, Debug
2025-07-29 11:20:13.6977|INFO|browserstack_sdk.utils|Using dotnet: C:\Program Files\dotnet\dotnet.exe
2025-07-29 11:20:15.6795|INFO|browserstack_sdk.Program|Detected Selenium version 4.34.0
2025-07-29 11:20:15.6795|INFO|browserstack_sdk.Program|Detected Appium version 8.0.0
2025-07-29 11:20:15.6795|INFO|browserstack_sdk.Program|Running for f/w vanila none
2025-07-29 11:20:15.8171|INFO|browserstack_sdk.Program|Detected dotnet version 8.0.400
2025-07-29 11:20:16.1290|INFO|browserstack_sdk.utils|Using existing app id bs://763acc47bbf87a9cc0b365296bb238fab8db4d17 for hash : f3a65f0d3a0410ad3287c3b515393680.
2025-07-29 11:20:16.1290|INFO|browserstack_sdk.Configuration|Using App : bs://763acc47bbf87a9cc0b365296bb238fab8db4d17.
2025-07-29 11:20:16.1478|INFO|browserstack_sdk.utils|Using dotnet: C:\Program Files\dotnet\dotnet.exe
2025-07-29 14:31:34.9310|INFO|browserstack_sdk.Program|SDK run started with id: 4335db63-fcf8-4a67-8842-e01cfc407b42
2025-07-29 14:31:34.9495|INFO|browserstack_sdk.Program|Running SDK with args: --add-patch-bstack, obj\Debug, D:\TestAppium\SimpleAppium\bin\Debug\SimpleAppium.dll, Debug
2025-07-29 14:31:34.9845|INFO|browserstack_sdk.utils|Using dotnet: C:\Program Files\dotnet\dotnet.exe
2025-07-29 14:31:36.7254|INFO|browserstack_sdk.Program|Detected Selenium version 4.34.0
2025-07-29 14:31:36.7254|INFO|browserstack_sdk.Program|Detected Appium version 8.0.0
2025-07-29 14:31:36.7254|INFO|browserstack_sdk.Program|Running for f/w vanila none
2025-07-29 14:31:36.8801|INFO|browserstack_sdk.Program|Detected dotnet version 8.0.400
2025-07-29 14:31:37.1742|INFO|browserstack_sdk.utils|Using existing app id bs://763acc47bbf87a9cc0b365296bb238fab8db4d17 for hash : f3a65f0d3a0410ad3287c3b515393680.
2025-07-29 14:31:37.1742|INFO|browserstack_sdk.Configuration|Using App : bs://763acc47bbf87a9cc0b365296bb238fab8db4d17.
2025-07-29 14:31:37.1969|INFO|browserstack_sdk.utils|Using dotnet: C:\Program Files\dotnet\dotnet.exe
2025-07-29 14:32:42.8548|INFO|browserstack_sdk.Program|SDK run started with id: 8b444854-78aa-4f06-aacb-ffc084420ab5
2025-07-29 14:32:42.8548|INFO|browserstack_sdk.Program|Running SDK with args: --add-patch-bstack, obj\Debug, D:\TestAppium\SimpleAppium\bin\Debug\SimpleAppium.dll, Debug
2025-07-29 14:32:42.9072|INFO|browserstack_sdk.utils|Using dotnet: C:\Program Files\dotnet\dotnet.exe
2025-07-29 14:32:44.6205|INFO|browserstack_sdk.Program|Detected Selenium version 4.34.0
2025-07-29 14:32:44.6205|INFO|browserstack_sdk.Program|Detected Appium version 8.0.0
2025-07-29 14:32:44.6205|INFO|browserstack_sdk.Program|Running for f/w vanila none
2025-07-29 14:32:44.7944|INFO|browserstack_sdk.Program|Detected dotnet version 8.0.400
2025-07-29 14:32:45.0528|INFO|browserstack_sdk.utils|Using existing app id bs://763acc47bbf87a9cc0b365296bb238fab8db4d17 for hash : f3a65f0d3a0410ad3287c3b515393680.
2025-07-29 14:32:45.0528|INFO|browserstack_sdk.Configuration|Using App : bs://763acc47bbf87a9cc0b365296bb238fab8db4d17.
2025-07-29 14:32:45.0698|INFO|browserstack_sdk.utils|Using dotnet: C:\Program Files\dotnet\dotnet.exe
2025-07-29 14:39:23.2920|INFO|browserstack_sdk.Program|SDK run started with id: 39801d48-7b38-480a-bdb0-f213ad02ad29
2025-07-29 14:39:23.2920|INFO|browserstack_sdk.Program|Running SDK with args: --add-patch-bstack, obj\Debug, D:\TestAppium\SimpleAppium\bin\Debug\SimpleAppium.dll, Debug
2025-07-29 14:39:23.3337|INFO|browserstack_sdk.utils|Using dotnet: C:\Program Files\dotnet\dotnet.exe
2025-07-29 14:39:24.8038|INFO|browserstack_sdk.Program|Detected Selenium version 4.34.0
2025-07-29 14:39:24.8038|INFO|browserstack_sdk.Program|Detected Appium version 8.0.0
2025-07-29 14:39:24.8038|INFO|browserstack_sdk.Program|Running for f/w vanila none
2025-07-29 14:39:24.9291|INFO|browserstack_sdk.Program|Detected dotnet version 8.0.400
2025-07-29 14:39:24.9405|ERROR|browserstack_sdk.Program|Uncaught exception occured: System.Exception: Config file does not exist at any parent directory of . Please include a browserstack.yml/browserstack.yaml file containing configuration for tests.
   at browserstack_sdk.YamlParser.parse(String browserStackConfigFilePath, JObject cliArgs, String projectDir) in D:\a\browserstack-csharp-sdk\browserstack-csharp-sdk\run-browserstack\browserstack-sdk\ParseYaml.cs:line 770
   at browserstack_sdk.Program.Main(String[] args) in D:\a\browserstack-csharp-sdk\browserstack-csharp-sdk\run-browserstack\browserstack-sdk\Program.cs:line 659
2025-07-29 14:47:29.9026|INFO|browserstack_sdk.Program|SDK run started with id: 30293ab4-1ed9-4890-a2e5-450c8ff0089b
2025-07-29 14:47:29.9217|INFO|browserstack_sdk.Program|Running SDK with args: --add-patch-bstack, obj\Debug, D:\TestAppium\SimpleAppium\bin\Debug\SimpleAppium.dll, Debug
2025-07-29 14:47:29.9587|INFO|browserstack_sdk.utils|Using dotnet: C:\Program Files\dotnet\dotnet.exe
2025-07-29 14:47:31.8683|INFO|browserstack_sdk.Program|Detected Selenium version 4.34.0
2025-07-29 14:47:31.8683|INFO|browserstack_sdk.Program|Detected Appium version 8.0.0
2025-07-29 14:47:31.8683|INFO|browserstack_sdk.Program|Running for f/w vanila none
2025-07-29 14:47:31.9733|INFO|browserstack_sdk.Program|Detected dotnet version 8.0.400
2025-07-29 14:47:31.9879|ERROR|browserstack_sdk.Program|Uncaught exception occured: System.Exception: Config file does not exist at any parent directory of . Please include a browserstack.yml/browserstack.yaml file containing configuration for tests.
   at browserstack_sdk.YamlParser.parse(String browserStackConfigFilePath, JObject cliArgs, String projectDir) in D:\a\browserstack-csharp-sdk\browserstack-csharp-sdk\run-browserstack\browserstack-sdk\ParseYaml.cs:line 770
   at browserstack_sdk.Program.Main(String[] args) in D:\a\browserstack-csharp-sdk\browserstack-csharp-sdk\run-browserstack\browserstack-sdk\Program.cs:line 659
2025-07-29 14:55:10.8530|INFO|browserstack_sdk.Program|SDK run started with id: b2e0996d-d5a5-4e55-bcd4-5b2eb56ce810
2025-07-29 14:55:10.8724|INFO|browserstack_sdk.Program|Running SDK with args: --add-patch-bstack, obj\Debug, D:\TestAppium\SimpleAppium\bin\Debug\SimpleAppium.dll, Debug
2025-07-29 14:55:10.9031|INFO|browserstack_sdk.utils|Using dotnet: C:\Program Files\dotnet\dotnet.exe
2025-07-29 14:55:12.4925|INFO|browserstack_sdk.Program|Detected Selenium version 4.34.0
2025-07-29 14:55:12.4925|INFO|browserstack_sdk.Program|Detected Appium version 8.0.0
2025-07-29 14:55:12.4925|INFO|browserstack_sdk.Program|Running for f/w vanila none
2025-07-29 14:55:12.6194|INFO|browserstack_sdk.Program|Detected dotnet version 8.0.400
2025-07-29 14:55:12.6194|ERROR|browserstack_sdk.Program|Uncaught exception occured: System.Exception: Config file does not exist at any parent directory of . Please include a browserstack.yml/browserstack.yaml file containing configuration for tests.
   at browserstack_sdk.YamlParser.parse(String browserStackConfigFilePath, JObject cliArgs, String projectDir) in D:\a\browserstack-csharp-sdk\browserstack-csharp-sdk\run-browserstack\browserstack-sdk\ParseYaml.cs:line 770
   at browserstack_sdk.Program.Main(String[] args) in D:\a\browserstack-csharp-sdk\browserstack-csharp-sdk\run-browserstack\browserstack-sdk\Program.cs:line 659
2025-07-29 14:56:13.1949|INFO|browserstack_sdk.Program|SDK run started with id: ee34a447-92d2-441c-a6ea-e44d70d38022
2025-07-29 14:56:13.2128|INFO|browserstack_sdk.Program|Running SDK with args: --add-patch-bstack, obj\Debug, D:\TestAppium\SimpleAppium\bin\Debug\SimpleAppium.dll, Debug
2025-07-29 14:56:13.2501|INFO|browserstack_sdk.utils|Using dotnet: C:\Program Files\dotnet\dotnet.exe
2025-07-29 14:56:14.9331|INFO|browserstack_sdk.Program|Detected Selenium version 4.34.0
2025-07-29 14:56:14.9331|INFO|browserstack_sdk.Program|Detected Appium version 8.0.0
2025-07-29 14:56:14.9331|INFO|browserstack_sdk.Program|Running for f/w vanila none
2025-07-29 14:56:15.0435|INFO|browserstack_sdk.Program|Detected dotnet version 8.0.400
2025-07-29 14:56:15.0542|ERROR|browserstack_sdk.Program|Uncaught exception occured: System.Exception: Config file does not exist at any parent directory of . Please include a browserstack.yml/browserstack.yaml file containing configuration for tests.
   at browserstack_sdk.YamlParser.parse(String browserStackConfigFilePath, JObject cliArgs, String projectDir) in D:\a\browserstack-csharp-sdk\browserstack-csharp-sdk\run-browserstack\browserstack-sdk\ParseYaml.cs:line 770
   at browserstack_sdk.Program.Main(String[] args) in D:\a\browserstack-csharp-sdk\browserstack-csharp-sdk\run-browserstack\browserstack-sdk\Program.cs:line 659
2025-07-29 14:56:52.7445|INFO|browserstack_sdk.Program|SDK run started with id: fb29dffb-6ac5-44d6-be4e-337f5fd3e8ec
2025-07-29 14:56:52.7445|INFO|browserstack_sdk.Program|Running SDK with args: --add-patch-bstack, obj\Debug, D:\TestAppium\SimpleAppium\bin\Debug\SimpleAppium.dll, Debug
2025-07-29 14:56:52.7920|INFO|browserstack_sdk.utils|Using dotnet: C:\Program Files\dotnet\dotnet.exe
2025-07-29 14:56:54.4635|INFO|browserstack_sdk.Program|Detected Selenium version 4.34.0
2025-07-29 14:56:54.4635|INFO|browserstack_sdk.Program|Detected Appium version 8.0.0
2025-07-29 14:56:54.4635|INFO|browserstack_sdk.Program|Running for f/w vanila none
2025-07-29 14:56:54.6349|INFO|browserstack_sdk.Program|Detected dotnet version 8.0.400
2025-07-29 14:56:54.6349|ERROR|browserstack_sdk.Program|Uncaught exception occured: System.Exception: Config file does not exist at any parent directory of . Please include a browserstack.yml/browserstack.yaml file containing configuration for tests.
   at browserstack_sdk.YamlParser.parse(String browserStackConfigFilePath, JObject cliArgs, String projectDir) in D:\a\browserstack-csharp-sdk\browserstack-csharp-sdk\run-browserstack\browserstack-sdk\ParseYaml.cs:line 770
   at browserstack_sdk.Program.Main(String[] args) in D:\a\browserstack-csharp-sdk\browserstack-csharp-sdk\run-browserstack\browserstack-sdk\Program.cs:line 659
2025-07-29 15:00:40.8986|INFO|browserstack_sdk.Program|SDK run started with id: ae9568d1-e178-455d-a557-0f5a1a504202
2025-07-29 15:00:40.8986|INFO|browserstack_sdk.Program|Running SDK with args: --add-patch-bstack, obj\Debug, D:\TestAppium\SimpleAppium\bin\Debug\SimpleAppium.dll, Debug
2025-07-29 15:00:40.9382|INFO|browserstack_sdk.utils|Using dotnet: C:\Program Files\dotnet\dotnet.exe
2025-07-29 15:00:42.5918|INFO|browserstack_sdk.Program|Detected Selenium version 4.34.0
2025-07-29 15:00:42.5918|INFO|browserstack_sdk.Program|Detected Appium version 8.0.0
2025-07-29 15:00:42.5918|INFO|browserstack_sdk.Program|Running for f/w vanila none
2025-07-29 15:00:42.7232|INFO|browserstack_sdk.Program|Detected dotnet version 8.0.400
2025-07-29 15:00:42.7360|ERROR|browserstack_sdk.Program|Uncaught exception occured: System.Exception: Config file does not exist at any parent directory of . Please include a browserstack.yml/browserstack.yaml file containing configuration for tests.
   at browserstack_sdk.YamlParser.parse(String browserStackConfigFilePath, JObject cliArgs, String projectDir) in D:\a\browserstack-csharp-sdk\browserstack-csharp-sdk\run-browserstack\browserstack-sdk\ParseYaml.cs:line 770
   at browserstack_sdk.Program.Main(String[] args) in D:\a\browserstack-csharp-sdk\browserstack-csharp-sdk\run-browserstack\browserstack-sdk\Program.cs:line 659
2025-07-29 15:04:46.1330|INFO|browserstack_sdk.Program|SDK run started with id: e4b76e18-5e65-48d7-a5eb-7575d6ba0743
2025-07-29 15:04:46.1330|INFO|browserstack_sdk.Program|Running SDK with args: --add-patch-bstack, obj\Debug, D:\TestAppium\SimpleAppium\bin\Debug\SimpleAppium.dll, Debug
2025-07-29 15:04:46.1799|INFO|browserstack_sdk.utils|Using dotnet: C:\Program Files\dotnet\dotnet.exe
2025-07-29 15:04:48.0238|INFO|browserstack_sdk.Program|Detected Selenium version 4.34.0
2025-07-29 15:04:48.0238|INFO|browserstack_sdk.Program|Detected Appium version 8.0.0
2025-07-29 15:04:48.0238|INFO|browserstack_sdk.Program|Running for f/w vanila none
2025-07-29 15:04:48.1980|INFO|browserstack_sdk.Program|Detected dotnet version 8.0.400
2025-07-29 15:04:48.2181|ERROR|browserstack_sdk.Program|Uncaught exception occured: System.Exception: Config file does not exist at any parent directory of . Please include a browserstack.yml/browserstack.yaml file containing configuration for tests.
   at browserstack_sdk.YamlParser.parse(String browserStackConfigFilePath, JObject cliArgs, String projectDir) in D:\a\browserstack-csharp-sdk\browserstack-csharp-sdk\run-browserstack\browserstack-sdk\ParseYaml.cs:line 770
   at browserstack_sdk.Program.Main(String[] args) in D:\a\browserstack-csharp-sdk\browserstack-csharp-sdk\run-browserstack\browserstack-sdk\Program.cs:line 659
2025-07-29 15:12:30.4317|INFO|browserstack_sdk.Program|SDK run started with id: 61fe02df-abe0-4cec-8721-c367643d2f99
2025-07-29 15:12:30.4317|INFO|browserstack_sdk.Program|Running SDK with args: --add-patch-bstack, obj\Debug, D:\TestAppium\SimpleAppium\bin\Debug\SimpleAppium.dll, Debug
2025-07-29 15:12:30.4751|INFO|browserstack_sdk.utils|Using dotnet: C:\Program Files\dotnet\dotnet.exe
2025-07-29 15:12:32.0880|INFO|browserstack_sdk.Program|Detected Selenium version 4.34.0
2025-07-29 15:12:32.0880|INFO|browserstack_sdk.Program|Detected Appium version 8.0.0
2025-07-29 15:12:32.0880|INFO|browserstack_sdk.Program|Running for f/w vanila none
2025-07-29 15:12:32.2985|INFO|browserstack_sdk.Program|Detected dotnet version 8.0.400
2025-07-29 15:12:32.3191|ERROR|browserstack_sdk.Program|Uncaught exception occured: System.Exception: Config file does not exist at any parent directory of . Please include a browserstack.yml/browserstack.yaml file containing configuration for tests.
   at browserstack_sdk.YamlParser.parse(String browserStackConfigFilePath, JObject cliArgs, String projectDir) in D:\a\browserstack-csharp-sdk\browserstack-csharp-sdk\run-browserstack\browserstack-sdk\ParseYaml.cs:line 770
   at browserstack_sdk.Program.Main(String[] args) in D:\a\browserstack-csharp-sdk\browserstack-csharp-sdk\run-browserstack\browserstack-sdk\Program.cs:line 659
2025-07-29 15:14:04.6174|INFO|browserstack_sdk.Program|SDK run started with id: a157afa9-a4e3-4cb7-912f-567cee246dae
2025-07-29 15:14:04.6392|INFO|browserstack_sdk.Program|Running SDK with args: --add-patch-bstack, obj\Debug, D:\TestAppium\SimpleAppium\bin\Debug\SimpleAppium.dll, Debug
2025-07-29 15:14:04.6804|INFO|browserstack_sdk.utils|Using dotnet: C:\Program Files\dotnet\dotnet.exe
2025-07-29 15:14:06.5548|INFO|browserstack_sdk.Program|Detected Selenium version 4.34.0
2025-07-29 15:14:06.5548|INFO|browserstack_sdk.Program|Detected Appium version 8.0.0
2025-07-29 15:14:06.5548|INFO|browserstack_sdk.Program|Running for f/w vanila none
2025-07-29 15:14:06.6804|INFO|browserstack_sdk.Program|Detected dotnet version 8.0.400
2025-07-29 15:14:06.6804|ERROR|browserstack_sdk.Program|Uncaught exception occured: System.Exception: Config file does not exist at any parent directory of . Please include a browserstack.yml/browserstack.yaml file containing configuration for tests.
   at browserstack_sdk.YamlParser.parse(String browserStackConfigFilePath, JObject cliArgs, String projectDir) in D:\a\browserstack-csharp-sdk\browserstack-csharp-sdk\run-browserstack\browserstack-sdk\ParseYaml.cs:line 770
   at browserstack_sdk.Program.Main(String[] args) in D:\a\browserstack-csharp-sdk\browserstack-csharp-sdk\run-browserstack\browserstack-sdk\Program.cs:line 659
2025-07-29 15:15:17.0407|INFO|browserstack_sdk.Program|SDK run started with id: 9ba933ff-8527-46ea-8abd-1d41c2c48344
2025-07-29 15:15:17.0407|INFO|browserstack_sdk.Program|Running SDK with args: --add-patch-bstack, obj\Debug, D:\TestAppium\SimpleAppium\bin\Debug\SimpleAppium.dll, Debug
2025-07-29 15:15:17.0789|INFO|browserstack_sdk.utils|Using dotnet: C:\Program Files\dotnet\dotnet.exe
2025-07-29 15:15:18.7492|INFO|browserstack_sdk.Program|Detected Selenium version 4.34.0
2025-07-29 15:15:18.7492|INFO|browserstack_sdk.Program|Detected Appium version 8.0.0
2025-07-29 15:15:18.7492|INFO|browserstack_sdk.Program|Running for f/w vanila none
2025-07-29 15:15:18.8894|INFO|browserstack_sdk.Program|Detected dotnet version 8.0.400
2025-07-29 15:15:18.9015|ERROR|browserstack_sdk.Program|Uncaught exception occured: System.Exception: Config file does not exist at any parent directory of . Please include a browserstack.yml/browserstack.yaml file containing configuration for tests.
   at browserstack_sdk.YamlParser.parse(String browserStackConfigFilePath, JObject cliArgs, String projectDir) in D:\a\browserstack-csharp-sdk\browserstack-csharp-sdk\run-browserstack\browserstack-sdk\ParseYaml.cs:line 770
   at browserstack_sdk.Program.Main(String[] args) in D:\a\browserstack-csharp-sdk\browserstack-csharp-sdk\run-browserstack\browserstack-sdk\Program.cs:line 659
2025-07-30 09:15:11.5805|INFO|browserstack_sdk.Program|SDK run started with id: 5918a19b-2ea7-4ae6-bf62-774f1fb3d5e8
2025-07-30 09:15:11.5929|INFO|browserstack_sdk.Program|Running SDK with args: --add-patch-bstack, obj\Debug, D:\TestAppium\SimpleAppium\bin\Debug\SimpleAppium.dll, Debug
2025-07-30 09:15:11.6380|INFO|browserstack_sdk.utils|Using dotnet: C:\Program Files\dotnet\dotnet.exe
2025-07-30 09:15:14.5608|INFO|browserstack_sdk.Program|Detected Selenium version 4.34.0
2025-07-30 09:15:14.5608|INFO|browserstack_sdk.Program|Detected Appium version 8.0.0
2025-07-30 09:15:14.5608|INFO|browserstack_sdk.Program|Running for f/w vanila none
2025-07-30 09:15:14.7214|INFO|browserstack_sdk.Program|Detected dotnet version 8.0.400
2025-07-30 09:15:14.7446|ERROR|browserstack_sdk.Program|Uncaught exception occured: System.Exception: Config file does not exist at any parent directory of . Please include a browserstack.yml/browserstack.yaml file containing configuration for tests.
   at browserstack_sdk.YamlParser.parse(String browserStackConfigFilePath, JObject cliArgs, String projectDir) in D:\a\browserstack-csharp-sdk\browserstack-csharp-sdk\run-browserstack\browserstack-sdk\ParseYaml.cs:line 770
   at browserstack_sdk.Program.Main(String[] args) in D:\a\browserstack-csharp-sdk\browserstack-csharp-sdk\run-browserstack\browserstack-sdk\Program.cs:line 659
2025-07-30 09:35:41.8262|INFO|browserstack_sdk.Program|SDK run started with id: 71eba290-768d-4430-a5c8-9e0656b2a0bf
2025-07-30 09:35:41.8374|INFO|browserstack_sdk.Program|Running SDK with args: --add-patch-bstack, obj\Debug, D:\TestAppium\SimpleAppium\bin\Debug\SimpleAppium.dll, Debug
2025-07-30 09:35:41.8795|INFO|browserstack_sdk.utils|Using dotnet: C:\Program Files\dotnet\dotnet.exe
2025-07-30 09:35:43.7739|INFO|browserstack_sdk.Program|Detected Selenium version 4.34.0
2025-07-30 09:35:43.7739|INFO|browserstack_sdk.Program|Detected Appium version 8.0.0
2025-07-30 09:35:43.7739|INFO|browserstack_sdk.Program|Running for f/w vanila none
2025-07-30 09:35:43.9166|INFO|browserstack_sdk.Program|Detected dotnet version 8.0.400
2025-07-30 09:35:43.9330|ERROR|browserstack_sdk.Program|Uncaught exception occured: System.Exception: Config file does not exist at any parent directory of . Please include a browserstack.yml/browserstack.yaml file containing configuration for tests.
   at browserstack_sdk.YamlParser.parse(String browserStackConfigFilePath, JObject cliArgs, String projectDir) in D:\a\browserstack-csharp-sdk\browserstack-csharp-sdk\run-browserstack\browserstack-sdk\ParseYaml.cs:line 770
   at browserstack_sdk.Program.Main(String[] args) in D:\a\browserstack-csharp-sdk\browserstack-csharp-sdk\run-browserstack\browserstack-sdk\Program.cs:line 659
2025-07-30 09:50:05.1373|INFO|browserstack_sdk.Program|SDK run started with id: 25f8962b-bae4-4d08-bca8-4d9ef323a757
2025-07-30 09:50:05.1490|INFO|browserstack_sdk.Program|Running SDK with args: --add-patch-bstack, obj\Debug, D:\TestAppium\SimpleAppium\bin\Debug\SimpleAppium.dll, Debug
2025-07-30 09:50:05.1878|INFO|browserstack_sdk.utils|Using dotnet: C:\Program Files\dotnet\dotnet.exe
2025-07-30 09:50:07.3196|INFO|browserstack_sdk.Program|Detected Selenium version 4.34.0
2025-07-30 09:50:07.3196|INFO|browserstack_sdk.Program|Detected Appium version 8.0.0
2025-07-30 09:50:07.3196|INFO|browserstack_sdk.Program|Running for f/w vanila none
2025-07-30 09:50:07.4855|INFO|browserstack_sdk.Program|Detected dotnet version 8.0.400
2025-07-30 09:50:07.5007|ERROR|browserstack_sdk.Program|Uncaught exception occured: System.Exception: Config file does not exist at any parent directory of . Please include a browserstack.yml/browserstack.yaml file containing configuration for tests.
   at browserstack_sdk.YamlParser.parse(String browserStackConfigFilePath, JObject cliArgs, String projectDir) in D:\a\browserstack-csharp-sdk\browserstack-csharp-sdk\run-browserstack\browserstack-sdk\ParseYaml.cs:line 770
   at browserstack_sdk.Program.Main(String[] args) in D:\a\browserstack-csharp-sdk\browserstack-csharp-sdk\run-browserstack\browserstack-sdk\Program.cs:line 659
2025-07-30 10:01:16.9195|INFO|browserstack_sdk.Program|SDK run started with id: dd7e809f-eb95-487f-a8ca-fe79d6ceeef9
2025-07-30 10:01:16.9319|INFO|browserstack_sdk.Program|Running SDK with args: --add-patch-bstack, obj\Debug, D:\TestAppium\SimpleAppium\bin\Debug\SimpleAppium.dll, Debug
2025-07-30 10:01:16.9758|INFO|browserstack_sdk.utils|Using dotnet: C:\Program Files\dotnet\dotnet.exe
2025-07-30 10:01:19.1402|INFO|browserstack_sdk.Program|Detected Selenium version 4.34.0
2025-07-30 10:01:19.1402|INFO|browserstack_sdk.Program|Detected Appium version 8.0.0
2025-07-30 10:01:19.1402|INFO|browserstack_sdk.Program|Running for f/w vanila none
2025-07-30 10:01:19.2649|INFO|browserstack_sdk.Program|Detected dotnet version 8.0.400
2025-07-30 10:01:19.2820|ERROR|browserstack_sdk.Program|Uncaught exception occured: System.Exception: Config file does not exist at any parent directory of . Please include a browserstack.yml/browserstack.yaml file containing configuration for tests.
   at browserstack_sdk.YamlParser.parse(String browserStackConfigFilePath, JObject cliArgs, String projectDir) in D:\a\browserstack-csharp-sdk\browserstack-csharp-sdk\run-browserstack\browserstack-sdk\ParseYaml.cs:line 770
   at browserstack_sdk.Program.Main(String[] args) in D:\a\browserstack-csharp-sdk\browserstack-csharp-sdk\run-browserstack\browserstack-sdk\Program.cs:line 659
2025-07-30 10:04:05.2582|INFO|browserstack_sdk.Program|SDK run started with id: cb0ff063-dff2-40c5-83ea-34acdbe7dca5
2025-07-30 10:04:05.2801|INFO|browserstack_sdk.Program|Running SDK with args: --add-patch-bstack, obj\Debug, D:\TestAppium\SimpleAppium\bin\Debug\SimpleAppium.dll, Debug
2025-07-30 10:04:05.3180|INFO|browserstack_sdk.utils|Using dotnet: C:\Program Files\dotnet\dotnet.exe
2025-07-30 10:04:07.3711|INFO|browserstack_sdk.Program|Detected Selenium version 4.34.0
2025-07-30 10:04:07.3711|INFO|browserstack_sdk.Program|Detected Appium version 8.0.0
2025-07-30 10:04:07.3711|INFO|browserstack_sdk.Program|Running for f/w vanila none
2025-07-30 10:04:07.5272|INFO|browserstack_sdk.Program|Detected dotnet version 8.0.400
2025-07-30 10:04:07.5448|ERROR|browserstack_sdk.Program|Uncaught exception occured: System.Exception: Config file does not exist at any parent directory of . Please include a browserstack.yml/browserstack.yaml file containing configuration for tests.
   at browserstack_sdk.YamlParser.parse(String browserStackConfigFilePath, JObject cliArgs, String projectDir) in D:\a\browserstack-csharp-sdk\browserstack-csharp-sdk\run-browserstack\browserstack-sdk\ParseYaml.cs:line 770
   at browserstack_sdk.Program.Main(String[] args) in D:\a\browserstack-csharp-sdk\browserstack-csharp-sdk\run-browserstack\browserstack-sdk\Program.cs:line 659
2025-07-30 10:08:07.6665|INFO|browserstack_sdk.Program|SDK run started with id: d1fea12c-872c-4d3e-a4a1-d01cee66fcdf
2025-07-30 10:08:07.6665|INFO|browserstack_sdk.Program|Running SDK with args: --add-patch-bstack, obj\Debug, D:\TestAppium\SimpleAppium\bin\Debug\SimpleAppium.dll, Debug
2025-07-30 10:08:07.7127|INFO|browserstack_sdk.utils|Using dotnet: C:\Program Files\dotnet\dotnet.exe
2025-07-30 10:08:09.6059|INFO|browserstack_sdk.Program|Detected Selenium version 4.34.0
2025-07-30 10:08:09.6059|INFO|browserstack_sdk.Program|Detected Appium version 8.0.0
2025-07-30 10:08:09.6059|INFO|browserstack_sdk.Program|Running for f/w vanila none
2025-07-30 10:08:09.7589|INFO|browserstack_sdk.Program|Detected dotnet version 8.0.400
2025-07-30 10:08:09.7589|ERROR|browserstack_sdk.Program|Uncaught exception occured: System.Exception: Config file does not exist at any parent directory of . Please include a browserstack.yml/browserstack.yaml file containing configuration for tests.
   at browserstack_sdk.YamlParser.parse(String browserStackConfigFilePath, JObject cliArgs, String projectDir) in D:\a\browserstack-csharp-sdk\browserstack-csharp-sdk\run-browserstack\browserstack-sdk\ParseYaml.cs:line 770
   at browserstack_sdk.Program.Main(String[] args) in D:\a\browserstack-csharp-sdk\browserstack-csharp-sdk\run-browserstack\browserstack-sdk\Program.cs:line 659
2025-07-30 10:09:34.4811|INFO|browserstack_sdk.Program|SDK run started with id: 856a92df-1618-4177-bbf5-0288cd1630b7
2025-07-30 10:09:34.4935|INFO|browserstack_sdk.Program|Running SDK with args: --add-patch-bstack, obj\Debug, D:\TestAppium\SimpleAppium\bin\Debug\SimpleAppium.dll, Debug
2025-07-30 10:09:34.5270|INFO|browserstack_sdk.utils|Using dotnet: C:\Program Files\dotnet\dotnet.exe
2025-07-30 10:09:36.4029|INFO|browserstack_sdk.Program|Detected Selenium version 4.34.0
2025-07-30 10:09:36.4029|INFO|browserstack_sdk.Program|Detected Appium version 8.0.0
2025-07-30 10:09:36.4029|INFO|browserstack_sdk.Program|Running for f/w vanila none
2025-07-30 10:09:36.5623|INFO|browserstack_sdk.Program|Detected dotnet version 8.0.400
2025-07-30 10:09:36.5784|ERROR|browserstack_sdk.Program|Uncaught exception occured: System.Exception: Config file does not exist at any parent directory of . Please include a browserstack.yml/browserstack.yaml file containing configuration for tests.
   at browserstack_sdk.YamlParser.parse(String browserStackConfigFilePath, JObject cliArgs, String projectDir) in D:\a\browserstack-csharp-sdk\browserstack-csharp-sdk\run-browserstack\browserstack-sdk\ParseYaml.cs:line 770
   at browserstack_sdk.Program.Main(String[] args) in D:\a\browserstack-csharp-sdk\browserstack-csharp-sdk\run-browserstack\browserstack-sdk\Program.cs:line 659
2025-07-30 10:15:57.4301|INFO|browserstack_sdk.Program|SDK run started with id: a36600b2-dfd8-48c1-8e47-0172ae853196
2025-07-30 10:15:57.4608|INFO|browserstack_sdk.Program|Running SDK with args: --add-patch-bstack, obj\Debug, D:\TestAppium\SimpleAppium\bin\Debug\SimpleAppium.dll, Debug
2025-07-30 10:15:57.5133|INFO|browserstack_sdk.utils|Using dotnet: C:\Program Files\dotnet\dotnet.exe
2025-07-30 10:16:00.3530|INFO|browserstack_sdk.Program|Detected Selenium version 4.34.0
2025-07-30 10:16:00.3669|INFO|browserstack_sdk.Program|Detected Appium version 8.0.0
2025-07-30 10:16:00.3669|INFO|browserstack_sdk.Program|Running for f/w vanila none
2025-07-30 10:16:00.5970|INFO|browserstack_sdk.Program|Detected dotnet version 8.0.400
2025-07-30 10:16:00.6211|ERROR|browserstack_sdk.Program|Uncaught exception occured: System.Exception: Config file does not exist at any parent directory of . Please include a browserstack.yml/browserstack.yaml file containing configuration for tests.
   at browserstack_sdk.YamlParser.parse(String browserStackConfigFilePath, JObject cliArgs, String projectDir) in D:\a\browserstack-csharp-sdk\browserstack-csharp-sdk\run-browserstack\browserstack-sdk\ParseYaml.cs:line 770
   at browserstack_sdk.Program.Main(String[] args) in D:\a\browserstack-csharp-sdk\browserstack-csharp-sdk\run-browserstack\browserstack-sdk\Program.cs:line 659
2025-07-30 10:31:12.8215|INFO|browserstack_sdk.Program|SDK run started with id: 7b35b58e-5a5a-4088-a5df-12c0313caf87
2025-07-30 10:31:12.8474|INFO|browserstack_sdk.Program|Running SDK with args: --add-patch-bstack, obj\Debug, D:\TestAppium\SimpleAppium\bin\Debug\SimpleAppium.dll, Debug
2025-07-30 10:31:12.8907|INFO|browserstack_sdk.utils|Using dotnet: C:\Program Files\dotnet\dotnet.exe
2025-07-30 10:31:15.1982|INFO|browserstack_sdk.Program|Detected Selenium version 4.34.0
2025-07-30 10:31:15.1982|INFO|browserstack_sdk.Program|Detected Appium version 8.0.0
2025-07-30 10:31:15.1982|INFO|browserstack_sdk.Program|Running for f/w vanila none
2025-07-30 10:31:15.3648|INFO|browserstack_sdk.Program|Detected dotnet version 8.0.400
2025-07-30 10:31:15.3848|ERROR|browserstack_sdk.Program|Uncaught exception occured: System.Exception: Config file does not exist at any parent directory of . Please include a browserstack.yml/browserstack.yaml file containing configuration for tests.
   at browserstack_sdk.YamlParser.parse(String browserStackConfigFilePath, JObject cliArgs, String projectDir) in D:\a\browserstack-csharp-sdk\browserstack-csharp-sdk\run-browserstack\browserstack-sdk\ParseYaml.cs:line 770
   at browserstack_sdk.Program.Main(String[] args) in D:\a\browserstack-csharp-sdk\browserstack-csharp-sdk\run-browserstack\browserstack-sdk\Program.cs:line 659
2025-07-30 10:31:58.9840|INFO|browserstack_sdk.Program|SDK run started with id: d7cbb9c3-65c1-40df-873a-7dd6c49ab273
2025-07-30 10:31:59.0017|INFO|browserstack_sdk.Program|Running SDK with args: --add-patch-bstack, obj\Debug, D:\TestAppium\SimpleAppium\bin\Debug\SimpleAppium.dll, Debug
2025-07-30 10:31:59.0528|INFO|browserstack_sdk.utils|Using dotnet: C:\Program Files\dotnet\dotnet.exe
2025-07-30 10:32:01.8696|INFO|browserstack_sdk.Program|Detected Selenium version 4.34.0
2025-07-30 10:32:01.8696|INFO|browserstack_sdk.Program|Detected Appium version 8.0.0
2025-07-30 10:32:01.8696|INFO|browserstack_sdk.Program|Running for f/w vanila none
2025-07-30 10:32:02.0540|INFO|browserstack_sdk.Program|Detected dotnet version 8.0.400
2025-07-30 10:32:02.0540|ERROR|browserstack_sdk.Program|Uncaught exception occured: System.Exception: Config file does not exist at any parent directory of . Please include a browserstack.yml/browserstack.yaml file containing configuration for tests.
   at browserstack_sdk.YamlParser.parse(String browserStackConfigFilePath, JObject cliArgs, String projectDir) in D:\a\browserstack-csharp-sdk\browserstack-csharp-sdk\run-browserstack\browserstack-sdk\ParseYaml.cs:line 770
   at browserstack_sdk.Program.Main(String[] args) in D:\a\browserstack-csharp-sdk\browserstack-csharp-sdk\run-browserstack\browserstack-sdk\Program.cs:line 659
2025-07-30 10:41:30.3079|INFO|browserstack_sdk.Program|SDK run started with id: 9d76f0fe-12bf-482c-ab5f-c75b61dbf370
2025-07-30 10:41:30.3203|INFO|browserstack_sdk.Program|Running SDK with args: --add-patch-bstack, obj\Debug, D:\TestAppium\SimpleAppium\bin\Debug\SimpleAppium.dll, Debug
2025-07-30 10:41:30.3622|INFO|browserstack_sdk.utils|Using dotnet: C:\Program Files\dotnet\dotnet.exe
2025-07-30 10:41:32.2735|INFO|browserstack_sdk.Program|Detected Selenium version 4.34.0
2025-07-30 10:41:32.2735|INFO|browserstack_sdk.Program|Detected Appium version 8.0.0
2025-07-30 10:41:32.2735|INFO|browserstack_sdk.Program|Running for f/w vanila none
2025-07-30 10:41:32.4113|INFO|browserstack_sdk.Program|Detected dotnet version 8.0.400
2025-07-30 10:41:32.4271|ERROR|browserstack_sdk.Program|Uncaught exception occured: System.Exception: Config file does not exist at any parent directory of . Please include a browserstack.yml/browserstack.yaml file containing configuration for tests.
   at browserstack_sdk.YamlParser.parse(String browserStackConfigFilePath, JObject cliArgs, String projectDir) in D:\a\browserstack-csharp-sdk\browserstack-csharp-sdk\run-browserstack\browserstack-sdk\ParseYaml.cs:line 770
   at browserstack_sdk.Program.Main(String[] args) in D:\a\browserstack-csharp-sdk\browserstack-csharp-sdk\run-browserstack\browserstack-sdk\Program.cs:line 659
2025-07-30 10:50:48.1180|INFO|browserstack_sdk.Program|SDK run started with id: acf3e7d6-420b-469a-809b-03d3e20a9a50
2025-07-30 10:50:48.1382|INFO|browserstack_sdk.Program|Running SDK with args: --add-patch-bstack, obj\Debug, D:\TestAppium\SimpleAppium\bin\Debug\SimpleAppium.dll, Debug
2025-07-30 10:50:48.1805|INFO|browserstack_sdk.utils|Using dotnet: C:\Program Files\dotnet\dotnet.exe
2025-07-30 10:50:50.2467|INFO|browserstack_sdk.Program|Detected Selenium version 4.34.0
2025-07-30 10:50:50.2467|INFO|browserstack_sdk.Program|Detected Appium version 8.0.0
2025-07-30 10:50:50.2467|INFO|browserstack_sdk.Program|Running for f/w vanila none
2025-07-30 10:50:50.4258|INFO|browserstack_sdk.Program|Detected dotnet version 8.0.400
2025-07-30 10:50:50.4443|ERROR|browserstack_sdk.Program|Uncaught exception occured: System.Exception: Config file does not exist at any parent directory of . Please include a browserstack.yml/browserstack.yaml file containing configuration for tests.
   at browserstack_sdk.YamlParser.parse(String browserStackConfigFilePath, JObject cliArgs, String projectDir) in D:\a\browserstack-csharp-sdk\browserstack-csharp-sdk\run-browserstack\browserstack-sdk\ParseYaml.cs:line 770
   at browserstack_sdk.Program.Main(String[] args) in D:\a\browserstack-csharp-sdk\browserstack-csharp-sdk\run-browserstack\browserstack-sdk\Program.cs:line 659
2025-07-30 10:51:10.3517|INFO|browserstack_sdk.Program|SDK run started with id: 9eea3aec-98a2-47be-b8e3-d8b9639e77b7
2025-07-30 10:51:10.3703|INFO|browserstack_sdk.Program|Running SDK with args: --add-patch-bstack, obj\Debug, D:\TestAppium\SimpleAppium\bin\Debug\SimpleAppium.dll, Debug
2025-07-30 10:51:10.4048|INFO|browserstack_sdk.utils|Using dotnet: C:\Program Files\dotnet\dotnet.exe
2025-07-30 10:51:12.2426|INFO|browserstack_sdk.Program|Detected Selenium version 4.34.0
2025-07-30 10:51:12.2426|INFO|browserstack_sdk.Program|Detected Appium version 8.0.0
2025-07-30 10:51:12.2426|INFO|browserstack_sdk.Program|Running for f/w vanila none
2025-07-30 10:51:12.3985|INFO|browserstack_sdk.Program|Detected dotnet version 8.0.400
2025-07-30 10:51:12.3985|ERROR|browserstack_sdk.Program|Uncaught exception occured: System.Exception: Config file does not exist at any parent directory of . Please include a browserstack.yml/browserstack.yaml file containing configuration for tests.
   at browserstack_sdk.YamlParser.parse(String browserStackConfigFilePath, JObject cliArgs, String projectDir) in D:\a\browserstack-csharp-sdk\browserstack-csharp-sdk\run-browserstack\browserstack-sdk\ParseYaml.cs:line 770
   at browserstack_sdk.Program.Main(String[] args) in D:\a\browserstack-csharp-sdk\browserstack-csharp-sdk\run-browserstack\browserstack-sdk\Program.cs:line 659
2025-07-30 10:53:14.8529|INFO|browserstack_sdk.Program|SDK run started with id: a006078b-457e-451e-9478-7a80f6ce1989
2025-07-30 10:53:14.8708|INFO|browserstack_sdk.Program|Running SDK with args: --add-patch-bstack, obj\Debug, D:\TestAppium\SimpleAppium\bin\Debug\SimpleAppium.dll, Debug
2025-07-30 10:53:14.9038|INFO|browserstack_sdk.utils|Using dotnet: C:\Program Files\dotnet\dotnet.exe
2025-07-30 10:53:16.9007|INFO|browserstack_sdk.Program|Detected Selenium version 4.34.0
2025-07-30 10:53:16.9007|INFO|browserstack_sdk.Program|Detected Appium version 8.0.0
2025-07-30 10:53:16.9007|INFO|browserstack_sdk.Program|Running for f/w vanila none
2025-07-30 10:53:17.0462|INFO|browserstack_sdk.Program|Detected dotnet version 8.0.400
2025-07-30 10:53:17.0586|ERROR|browserstack_sdk.Program|Uncaught exception occured: System.Exception: Config file does not exist at any parent directory of . Please include a browserstack.yml/browserstack.yaml file containing configuration for tests.
   at browserstack_sdk.YamlParser.parse(String browserStackConfigFilePath, JObject cliArgs, String projectDir) in D:\a\browserstack-csharp-sdk\browserstack-csharp-sdk\run-browserstack\browserstack-sdk\ParseYaml.cs:line 770
   at browserstack_sdk.Program.Main(String[] args) in D:\a\browserstack-csharp-sdk\browserstack-csharp-sdk\run-browserstack\browserstack-sdk\Program.cs:line 659
2025-07-30 11:07:55.0572|INFO|browserstack_sdk.Program|SDK run started with id: ec022df8-b6ee-490c-896e-6a34dcaa467e
2025-07-30 11:07:55.0788|INFO|browserstack_sdk.Program|Running SDK with args: --add-patch-bstack, obj\Debug, D:\TestAppium\SimpleAppium\bin\Debug\SimpleAppium.dll, Debug
2025-07-30 11:07:55.1180|INFO|browserstack_sdk.utils|Using dotnet: C:\Program Files\dotnet\dotnet.exe
2025-07-30 11:07:57.1184|INFO|browserstack_sdk.Program|Detected Selenium version 4.34.0
2025-07-30 11:07:57.1184|INFO|browserstack_sdk.Program|Detected Appium version 8.0.0
2025-07-30 11:07:57.1184|INFO|browserstack_sdk.Program|Running for f/w vanila none
2025-07-30 11:07:57.2643|INFO|browserstack_sdk.Program|Detected dotnet version 8.0.400
2025-07-30 11:07:57.2826|ERROR|browserstack_sdk.Program|Uncaught exception occured: System.Exception: Config file does not exist at any parent directory of . Please include a browserstack.yml/browserstack.yaml file containing configuration for tests.
   at browserstack_sdk.YamlParser.parse(String browserStackConfigFilePath, JObject cliArgs, String projectDir) in D:\a\browserstack-csharp-sdk\browserstack-csharp-sdk\run-browserstack\browserstack-sdk\ParseYaml.cs:line 770
   at browserstack_sdk.Program.Main(String[] args) in D:\a\browserstack-csharp-sdk\browserstack-csharp-sdk\run-browserstack\browserstack-sdk\Program.cs:line 659
2025-07-30 11:18:10.3203|INFO|browserstack_sdk.Program|SDK run started with id: f7ac6fd6-bf9f-460e-97c9-ea40f8772526
2025-07-30 11:18:10.3484|INFO|browserstack_sdk.Program|Running SDK with args: --add-patch-bstack, obj\Debug, D:\TestAppium\SimpleAppium\bin\Debug\SimpleAppium.dll, Debug
2025-07-30 11:18:10.3932|INFO|browserstack_sdk.utils|Using dotnet: C:\Program Files\dotnet\dotnet.exe
2025-07-30 11:18:12.5236|INFO|browserstack_sdk.Program|Detected Selenium version 4.34.0
2025-07-30 11:18:12.5236|INFO|browserstack_sdk.Program|Detected Appium version 8.0.0
2025-07-30 11:18:12.5236|INFO|browserstack_sdk.Program|Running for f/w vanila none
2025-07-30 11:18:12.6668|INFO|browserstack_sdk.Program|Detected dotnet version 8.0.400
2025-07-30 11:18:12.6871|ERROR|browserstack_sdk.Program|Uncaught exception occured: System.Exception: Config file does not exist at any parent directory of . Please include a browserstack.yml/browserstack.yaml file containing configuration for tests.
   at browserstack_sdk.YamlParser.parse(String browserStackConfigFilePath, JObject cliArgs, String projectDir) in D:\a\browserstack-csharp-sdk\browserstack-csharp-sdk\run-browserstack\browserstack-sdk\ParseYaml.cs:line 770
   at browserstack_sdk.Program.Main(String[] args) in D:\a\browserstack-csharp-sdk\browserstack-csharp-sdk\run-browserstack\browserstack-sdk\Program.cs:line 659
2025-07-30 11:19:46.9458|INFO|browserstack_sdk.Program|SDK run started with id: 52d4bed9-dc31-4f57-9d33-ce8fc63ec40c
2025-07-30 11:19:46.9675|INFO|browserstack_sdk.Program|Running SDK with args: --add-patch-bstack, obj\Debug, D:\TestAppium\SimpleAppium\bin\Debug\SimpleAppium.dll, Debug
2025-07-30 11:19:47.0010|INFO|browserstack_sdk.utils|Using dotnet: C:\Program Files\dotnet\dotnet.exe
2025-07-30 11:19:49.1978|INFO|browserstack_sdk.Program|Detected Selenium version 4.34.0
2025-07-30 11:19:49.1978|INFO|browserstack_sdk.Program|Detected Appium version 8.0.0
2025-07-30 11:19:49.1978|INFO|browserstack_sdk.Program|Running for f/w vanila none
2025-07-30 11:19:49.3462|INFO|browserstack_sdk.Program|Detected dotnet version 8.0.400
2025-07-30 11:19:49.3616|ERROR|browserstack_sdk.Program|Uncaught exception occured: System.Exception: Config file does not exist at any parent directory of . Please include a browserstack.yml/browserstack.yaml file containing configuration for tests.
   at browserstack_sdk.YamlParser.parse(String browserStackConfigFilePath, JObject cliArgs, String projectDir) in D:\a\browserstack-csharp-sdk\browserstack-csharp-sdk\run-browserstack\browserstack-sdk\ParseYaml.cs:line 770
   at browserstack_sdk.Program.Main(String[] args) in D:\a\browserstack-csharp-sdk\browserstack-csharp-sdk\run-browserstack\browserstack-sdk\Program.cs:line 659
2025-07-30 11:25:55.2271|INFO|browserstack_sdk.Program|SDK run started with id: c8becc0c-b17f-44a2-b2e6-3e0b13d66b21
2025-07-30 11:25:55.2453|INFO|browserstack_sdk.Program|Running SDK with args: --add-patch-bstack, obj\Debug, D:\TestAppium\SimpleAppium\bin\Debug\SimpleAppium.dll, Debug
2025-07-30 11:25:55.2798|INFO|browserstack_sdk.utils|Using dotnet: C:\Program Files\dotnet\dotnet.exe
2025-07-30 11:25:57.0918|INFO|browserstack_sdk.Program|Detected Selenium version 4.34.0
2025-07-30 11:25:57.0918|INFO|browserstack_sdk.Program|Detected Appium version 8.0.0
2025-07-30 11:25:57.1011|INFO|browserstack_sdk.Program|Running for f/w vanila none
2025-07-30 11:25:57.2383|INFO|browserstack_sdk.Program|Detected dotnet version 8.0.400
2025-07-30 11:25:57.2535|ERROR|browserstack_sdk.Program|Uncaught exception occured: System.Exception: Config file does not exist at any parent directory of . Please include a browserstack.yml/browserstack.yaml file containing configuration for tests.
   at browserstack_sdk.YamlParser.parse(String browserStackConfigFilePath, JObject cliArgs, String projectDir) in D:\a\browserstack-csharp-sdk\browserstack-csharp-sdk\run-browserstack\browserstack-sdk\ParseYaml.cs:line 770
   at browserstack_sdk.Program.Main(String[] args) in D:\a\browserstack-csharp-sdk\browserstack-csharp-sdk\run-browserstack\browserstack-sdk\Program.cs:line 659
2025-07-30 13:18:49.1068|INFO|browserstack_sdk.Program|SDK run started with id: 56d3be1f-18ea-4546-af2e-1fc4374ff7a8
2025-07-30 13:18:49.1194|INFO|browserstack_sdk.Program|Running SDK with args: --add-patch-bstack, obj\Debug, D:\TestAppium\SimpleAppium\bin\Debug\SimpleAppium.dll, Debug
2025-07-30 13:18:49.1583|INFO|browserstack_sdk.utils|Using dotnet: C:\Program Files\dotnet\dotnet.exe
2025-07-30 13:18:51.4454|INFO|browserstack_sdk.Program|Detected Selenium version 4.34.0
2025-07-30 13:18:51.4454|INFO|browserstack_sdk.Program|Detected Appium version 8.0.0
2025-07-30 13:18:51.4454|INFO|browserstack_sdk.Program|Running for f/w vanila none
2025-07-30 13:18:51.5898|INFO|browserstack_sdk.Program|Detected dotnet version 8.0.400
2025-07-30 13:18:51.6076|ERROR|browserstack_sdk.Program|Uncaught exception occured: System.Exception: Config file does not exist at any parent directory of . Please include a browserstack.yml/browserstack.yaml file containing configuration for tests.
   at browserstack_sdk.YamlParser.parse(String browserStackConfigFilePath, JObject cliArgs, String projectDir) in D:\a\browserstack-csharp-sdk\browserstack-csharp-sdk\run-browserstack\browserstack-sdk\ParseYaml.cs:line 770
   at browserstack_sdk.Program.Main(String[] args) in D:\a\browserstack-csharp-sdk\browserstack-csharp-sdk\run-browserstack\browserstack-sdk\Program.cs:line 659
2025-07-30 13:42:32.8364|INFO|browserstack_sdk.Program|SDK run started with id: 844a8c28-4e87-426d-a466-c4e65e02594f
2025-07-30 13:42:32.8520|INFO|browserstack_sdk.Program|Running SDK with args: --add-patch-bstack, obj\Debug, D:\TestAppium\SimpleAppium\bin\Debug\SimpleAppium.dll, Debug
2025-07-30 13:42:32.8869|INFO|browserstack_sdk.utils|Using dotnet: C:\Program Files\dotnet\dotnet.exe
2025-07-30 13:42:34.6491|INFO|browserstack_sdk.Program|Detected Selenium version 4.34.0
2025-07-30 13:42:34.6491|INFO|browserstack_sdk.Program|Detected Appium version 8.0.0
2025-07-30 13:42:34.6491|INFO|browserstack_sdk.Program|Running for f/w vanila none
2025-07-30 13:42:34.7644|INFO|browserstack_sdk.Program|Detected dotnet version 8.0.400
2025-07-30 13:42:34.7826|ERROR|browserstack_sdk.Program|Uncaught exception occured: System.Exception: Config file does not exist at any parent directory of . Please include a browserstack.yml/browserstack.yaml file containing configuration for tests.
   at browserstack_sdk.YamlParser.parse(String browserStackConfigFilePath, JObject cliArgs, String projectDir) in D:\a\browserstack-csharp-sdk\browserstack-csharp-sdk\run-browserstack\browserstack-sdk\ParseYaml.cs:line 770
   at browserstack_sdk.Program.Main(String[] args) in D:\a\browserstack-csharp-sdk\browserstack-csharp-sdk\run-browserstack\browserstack-sdk\Program.cs:line 659
2025-07-30 13:46:10.3064|INFO|browserstack_sdk.Program|SDK run started with id: 384c9fda-9555-4107-b4fa-c4e91802698d
2025-07-30 13:46:10.3243|INFO|browserstack_sdk.Program|Running SDK with args: --add-patch-bstack, obj\Debug, D:\TestAppium\SimpleAppium\bin\Debug\SimpleAppium.dll, Debug
2025-07-30 13:46:10.3670|INFO|browserstack_sdk.utils|Using dotnet: C:\Program Files\dotnet\dotnet.exe
2025-07-30 13:46:12.6818|INFO|browserstack_sdk.Program|Detected Selenium version 4.34.0
2025-07-30 13:46:12.6818|INFO|browserstack_sdk.Program|Detected Appium version 8.0.0
2025-07-30 13:46:12.6818|INFO|browserstack_sdk.Program|Running for f/w vanila none
2025-07-30 13:46:12.8094|INFO|browserstack_sdk.Program|Detected dotnet version 8.0.400
2025-07-30 13:46:12.8094|ERROR|browserstack_sdk.Program|Uncaught exception occured: System.Exception: Config file does not exist at any parent directory of . Please include a browserstack.yml/browserstack.yaml file containing configuration for tests.
   at browserstack_sdk.YamlParser.parse(String browserStackConfigFilePath, JObject cliArgs, String projectDir) in D:\a\browserstack-csharp-sdk\browserstack-csharp-sdk\run-browserstack\browserstack-sdk\ParseYaml.cs:line 770
   at browserstack_sdk.Program.Main(String[] args) in D:\a\browserstack-csharp-sdk\browserstack-csharp-sdk\run-browserstack\browserstack-sdk\Program.cs:line 659
2025-07-30 13:48:47.8702|INFO|browserstack_sdk.Program|SDK run started with id: f7f682d2-5ace-4594-bd0b-ce6212b639b3
2025-07-30 13:48:47.8702|INFO|browserstack_sdk.Program|Running SDK with args: --add-patch-bstack, obj\Debug, D:\TestAppium\SimpleAppium\bin\Debug\SimpleAppium.dll, Debug
2025-07-30 13:48:47.9200|INFO|browserstack_sdk.utils|Using dotnet: C:\Program Files\dotnet\dotnet.exe
2025-07-30 13:48:49.8357|INFO|browserstack_sdk.Program|Detected Selenium version 4.34.0
2025-07-30 13:48:49.8357|INFO|browserstack_sdk.Program|Detected Appium version 8.0.0
2025-07-30 13:48:49.8357|INFO|browserstack_sdk.Program|Running for f/w vanila none
2025-07-30 13:48:49.9854|INFO|browserstack_sdk.Program|Detected dotnet version 8.0.400
2025-07-30 13:48:49.9967|ERROR|browserstack_sdk.Program|Uncaught exception occured: System.Exception: Config file does not exist at any parent directory of . Please include a browserstack.yml/browserstack.yaml file containing configuration for tests.
   at browserstack_sdk.YamlParser.parse(String browserStackConfigFilePath, JObject cliArgs, String projectDir) in D:\a\browserstack-csharp-sdk\browserstack-csharp-sdk\run-browserstack\browserstack-sdk\ParseYaml.cs:line 770
   at browserstack_sdk.Program.Main(String[] args) in D:\a\browserstack-csharp-sdk\browserstack-csharp-sdk\run-browserstack\browserstack-sdk\Program.cs:line 659
2025-07-30 14:39:09.0251|INFO|browserstack_sdk.Program|SDK run started with id: 5197640c-493f-4393-937e-e31b4e5dd9da
2025-07-30 14:39:09.0427|INFO|browserstack_sdk.Program|Running SDK with args: --add-patch-bstack, obj\Debug, D:\TestAppium\SimpleAppium\bin\Debug\SimpleAppium.dll, Debug
2025-07-30 14:39:09.0810|INFO|browserstack_sdk.utils|Using dotnet: C:\Program Files\dotnet\dotnet.exe
2025-07-30 14:39:11.4606|INFO|browserstack_sdk.Program|Detected Selenium version 4.34.0
2025-07-30 14:39:11.4606|INFO|browserstack_sdk.Program|Detected Appium version 8.0.0
2025-07-30 14:39:11.4606|INFO|browserstack_sdk.Program|Running for f/w vanila none
2025-07-30 14:39:11.6393|INFO|browserstack_sdk.Program|Detected dotnet version 8.0.400
2025-07-30 14:39:11.6572|ERROR|browserstack_sdk.Program|Uncaught exception occured: System.Exception: Config file does not exist at any parent directory of . Please include a browserstack.yml/browserstack.yaml file containing configuration for tests.
   at browserstack_sdk.YamlParser.parse(String browserStackConfigFilePath, JObject cliArgs, String projectDir) in D:\a\browserstack-csharp-sdk\browserstack-csharp-sdk\run-browserstack\browserstack-sdk\ParseYaml.cs:line 770
   at browserstack_sdk.Program.Main(String[] args) in D:\a\browserstack-csharp-sdk\browserstack-csharp-sdk\run-browserstack\browserstack-sdk\Program.cs:line 659
2025-07-30 14:39:40.2494|INFO|browserstack_sdk.Program|SDK run started with id: 1b4daf62-4ec2-4a51-b3f7-075f2201e84e
2025-07-30 14:39:40.2616|INFO|browserstack_sdk.Program|Running SDK with args: --add-patch-bstack, obj\Debug, D:\TestAppium\SimpleAppium\bin\Debug\SimpleAppium.dll, Debug
2025-07-30 14:39:40.2987|INFO|browserstack_sdk.utils|Using dotnet: C:\Program Files\dotnet\dotnet.exe
2025-07-30 14:39:42.0588|INFO|browserstack_sdk.Program|Detected Selenium version 4.34.0
2025-07-30 14:39:42.0588|INFO|browserstack_sdk.Program|Detected Appium version 8.0.0
2025-07-30 14:39:42.0588|INFO|browserstack_sdk.Program|Running for f/w vanila none
2025-07-30 14:39:42.1912|INFO|browserstack_sdk.Program|Detected dotnet version 8.0.400
2025-07-30 14:39:42.2016|ERROR|browserstack_sdk.Program|Uncaught exception occured: System.Exception: Config file does not exist at any parent directory of . Please include a browserstack.yml/browserstack.yaml file containing configuration for tests.
   at browserstack_sdk.YamlParser.parse(String browserStackConfigFilePath, JObject cliArgs, String projectDir) in D:\a\browserstack-csharp-sdk\browserstack-csharp-sdk\run-browserstack\browserstack-sdk\ParseYaml.cs:line 770
   at browserstack_sdk.Program.Main(String[] args) in D:\a\browserstack-csharp-sdk\browserstack-csharp-sdk\run-browserstack\browserstack-sdk\Program.cs:line 659
2025-07-30 14:44:57.4012|INFO|browserstack_sdk.Program|SDK run started with id: 26f53359-5841-4dea-9a6b-185d9cc71235
2025-07-30 14:44:57.4012|INFO|browserstack_sdk.Program|Running SDK with args: --add-patch-bstack, obj\Debug, D:\TestAppium\SimpleAppium\bin\Debug\SimpleAppium.dll, Debug
2025-07-30 14:44:57.4448|INFO|browserstack_sdk.utils|Using dotnet: C:\Program Files\dotnet\dotnet.exe
2025-07-30 14:44:58.9803|INFO|browserstack_sdk.Program|Detected Selenium version 4.34.0
2025-07-30 14:44:58.9803|INFO|browserstack_sdk.Program|Detected Appium version 8.0.0
2025-07-30 14:44:58.9803|INFO|browserstack_sdk.Program|Running for f/w vanila none
2025-07-30 14:44:59.1152|INFO|browserstack_sdk.Program|Detected dotnet version 8.0.400
2025-07-30 14:44:59.1263|ERROR|browserstack_sdk.Program|Uncaught exception occured: System.Exception: Config file does not exist at any parent directory of . Please include a browserstack.yml/browserstack.yaml file containing configuration for tests.
   at browserstack_sdk.YamlParser.parse(String browserStackConfigFilePath, JObject cliArgs, String projectDir) in D:\a\browserstack-csharp-sdk\browserstack-csharp-sdk\run-browserstack\browserstack-sdk\ParseYaml.cs:line 770
   at browserstack_sdk.Program.Main(String[] args) in D:\a\browserstack-csharp-sdk\browserstack-csharp-sdk\run-browserstack\browserstack-sdk\Program.cs:line 659
2025-07-30 14:47:55.1009|INFO|browserstack_sdk.Program|SDK run started with id: 333eb12c-5b1d-45ef-9877-36401f78ac71
2025-07-30 14:47:55.1195|INFO|browserstack_sdk.Program|Running SDK with args: --add-patch-bstack, obj\Debug, D:\TestAppium\SimpleAppium\bin\Debug\SimpleAppium.dll, Debug
2025-07-30 14:47:55.1547|INFO|browserstack_sdk.utils|Using dotnet: C:\Program Files\dotnet\dotnet.exe
2025-07-30 14:47:56.8860|INFO|browserstack_sdk.Program|Detected Selenium version 4.34.0
2025-07-30 14:47:56.8860|INFO|browserstack_sdk.Program|Detected Appium version 8.0.0
2025-07-30 14:47:56.8860|INFO|browserstack_sdk.Program|Running for f/w vanila none
2025-07-30 14:47:57.0077|INFO|browserstack_sdk.Program|Detected dotnet version 8.0.400
2025-07-30 14:47:57.0077|ERROR|browserstack_sdk.Program|Uncaught exception occured: System.Exception: Config file does not exist at any parent directory of . Please include a browserstack.yml/browserstack.yaml file containing configuration for tests.
   at browserstack_sdk.YamlParser.parse(String browserStackConfigFilePath, JObject cliArgs, String projectDir) in D:\a\browserstack-csharp-sdk\browserstack-csharp-sdk\run-browserstack\browserstack-sdk\ParseYaml.cs:line 770
   at browserstack_sdk.Program.Main(String[] args) in D:\a\browserstack-csharp-sdk\browserstack-csharp-sdk\run-browserstack\browserstack-sdk\Program.cs:line 659
2025-07-30 18:37:43.7292|INFO|browserstack_sdk.Program|SDK run started with id: 996dfdb9-3a0e-4909-83c4-4bf2a7c16054
2025-07-30 18:37:43.7292|INFO|browserstack_sdk.Program|Running SDK with args: --add-patch-bstack, obj\Debug, D:\ProjectAppium\AppiumTask-main\SimpleAppium\bin\Debug\SimpleAppium.dll, Debug
2025-07-30 18:37:43.7777|INFO|browserstack_sdk.utils|Using dotnet: C:\Program Files\dotnet\dotnet.exe
2025-07-30 18:37:45.7617|INFO|browserstack_sdk.Program|Detected Selenium version 4.34.0
2025-07-30 18:37:45.7617|INFO|browserstack_sdk.Program|Detected Appium version 8.0.0
2025-07-30 18:37:45.7617|INFO|browserstack_sdk.Program|Running for f/w vanila none
2025-07-30 18:37:45.8916|INFO|browserstack_sdk.Program|Detected dotnet version 8.0.400
2025-07-30 18:37:45.9093|ERROR|browserstack_sdk.Program|Uncaught exception occured: System.Exception: Config file does not exist at any parent directory of . Please include a browserstack.yml/browserstack.yaml file containing configuration for tests.
   at browserstack_sdk.YamlParser.parse(String browserStackConfigFilePath, JObject cliArgs, String projectDir) in D:\a\browserstack-csharp-sdk\browserstack-csharp-sdk\run-browserstack\browserstack-sdk\ParseYaml.cs:line 770
   at browserstack_sdk.Program.Main(String[] args) in D:\a\browserstack-csharp-sdk\browserstack-csharp-sdk\run-browserstack\browserstack-sdk\Program.cs:line 659
2025-07-30 18:37:53.3706|INFO|browserstack_sdk.Program|SDK run started with id: 46befa71-0bb4-45a6-81af-697d370e88b7
2025-07-30 18:37:53.3894|INFO|browserstack_sdk.Program|Running SDK with args: --add-patch-bstack, obj\Debug, D:\ProjectAppium\AppiumTask-main\SimpleAppium\bin\Debug\SimpleAppium.dll, Debug
2025-07-30 18:37:53.4249|INFO|browserstack_sdk.utils|Using dotnet: C:\Program Files\dotnet\dotnet.exe
2025-07-30 18:37:55.2735|INFO|browserstack_sdk.Program|Detected Selenium version 4.34.0
2025-07-30 18:37:55.2735|INFO|browserstack_sdk.Program|Detected Appium version 8.0.0
2025-07-30 18:37:55.2735|INFO|browserstack_sdk.Program|Running for f/w vanila none
2025-07-30 18:37:55.4513|INFO|browserstack_sdk.Program|Detected dotnet version 8.0.400
2025-07-30 18:37:55.4626|ERROR|browserstack_sdk.Program|Uncaught exception occured: System.Exception: Config file does not exist at any parent directory of . Please include a browserstack.yml/browserstack.yaml file containing configuration for tests.
   at browserstack_sdk.YamlParser.parse(String browserStackConfigFilePath, JObject cliArgs, String projectDir) in D:\a\browserstack-csharp-sdk\browserstack-csharp-sdk\run-browserstack\browserstack-sdk\ParseYaml.cs:line 770
   at browserstack_sdk.Program.Main(String[] args) in D:\a\browserstack-csharp-sdk\browserstack-csharp-sdk\run-browserstack\browserstack-sdk\Program.cs:line 659
2025-07-30 18:43:46.7743|INFO|browserstack_sdk.Program|SDK run started with id: cc8a644e-9407-4174-9f37-49ed29f6b732
2025-07-30 18:43:46.7935|INFO|browserstack_sdk.Program|Running SDK with args: --add-patch-bstack, obj\Debug, D:\ProjectAppium\AppiumTask-main\SimpleAppium\bin\Debug\SimpleAppium.dll, Debug
2025-07-30 18:43:46.8287|INFO|browserstack_sdk.utils|Using dotnet: C:\Program Files\dotnet\dotnet.exe
2025-07-30 18:43:48.7948|INFO|browserstack_sdk.Program|Detected Selenium version 4.34.0
2025-07-30 18:43:48.7948|INFO|browserstack_sdk.Program|Detected Appium version 8.0.0
2025-07-30 18:43:48.7948|INFO|browserstack_sdk.Program|Running for f/w vanila none
2025-07-30 18:43:48.9188|INFO|browserstack_sdk.Program|Detected dotnet version 8.0.400
2025-07-30 18:43:48.9294|ERROR|browserstack_sdk.Program|Uncaught exception occured: System.Exception: Config file does not exist at any parent directory of . Please include a browserstack.yml/browserstack.yaml file containing configuration for tests.
   at browserstack_sdk.YamlParser.parse(String browserStackConfigFilePath, JObject cliArgs, String projectDir) in D:\a\browserstack-csharp-sdk\browserstack-csharp-sdk\run-browserstack\browserstack-sdk\ParseYaml.cs:line 770
   at browserstack_sdk.Program.Main(String[] args) in D:\a\browserstack-csharp-sdk\browserstack-csharp-sdk\run-browserstack\browserstack-sdk\Program.cs:line 659
2025-07-30 19:28:32.6525|INFO|browserstack_sdk.Program|SDK run started with id: 74c02b1f-e1b7-49fe-a831-8a90b66e1b86
2025-07-30 19:28:32.6703|INFO|browserstack_sdk.Program|Running SDK with args: --add-patch-bstack, obj\Debug, D:\ProjectAppium\AppiumTask-main\SimpleAppium\bin\Debug\SimpleAppium.dll, Debug
2025-07-30 19:28:32.7086|INFO|browserstack_sdk.utils|Using dotnet: C:\Program Files\dotnet\dotnet.exe
2025-07-30 19:28:34.4631|INFO|browserstack_sdk.Program|Detected Selenium version 4.34.0
2025-07-30 19:28:34.4631|INFO|browserstack_sdk.Program|Detected Appium version 8.0.0
2025-07-30 19:28:34.4631|INFO|browserstack_sdk.Program|Running for f/w vanila none
2025-07-30 19:28:34.5836|INFO|browserstack_sdk.Program|Detected dotnet version 8.0.400
2025-07-30 19:28:34.6004|ERROR|browserstack_sdk.Program|Uncaught exception occured: System.Exception: Config file does not exist at any parent directory of . Please include a browserstack.yml/browserstack.yaml file containing configuration for tests.
   at browserstack_sdk.YamlParser.parse(String browserStackConfigFilePath, JObject cliArgs, String projectDir) in D:\a\browserstack-csharp-sdk\browserstack-csharp-sdk\run-browserstack\browserstack-sdk\ParseYaml.cs:line 770
   at browserstack_sdk.Program.Main(String[] args) in D:\a\browserstack-csharp-sdk\browserstack-csharp-sdk\run-browserstack\browserstack-sdk\Program.cs:line 659
2025-07-30 19:31:48.7152|INFO|browserstack_sdk.Program|SDK run started with id: da3593b2-5144-42c3-9915-2265b50c23c1
2025-07-30 19:31:48.7152|INFO|browserstack_sdk.Program|Running SDK with args: --add-patch-bstack, obj\Debug, D:\ProjectAppium\AppiumTask-main\SimpleAppium\bin\Debug\SimpleAppium.dll, Debug
2025-07-30 19:31:48.7556|INFO|browserstack_sdk.utils|Using dotnet: C:\Program Files\dotnet\dotnet.exe
2025-07-30 19:31:50.3383|INFO|browserstack_sdk.Program|Detected Selenium version 4.34.0
2025-07-30 19:31:50.3383|INFO|browserstack_sdk.Program|Detected Appium version 8.0.0
2025-07-30 19:31:50.3383|INFO|browserstack_sdk.Program|Running for f/w vanila none
2025-07-30 19:31:50.4490|INFO|browserstack_sdk.Program|Detected dotnet version 8.0.400
2025-07-30 19:31:50.4490|ERROR|browserstack_sdk.Program|Uncaught exception occured: System.Exception: Config file does not exist at any parent directory of . Please include a browserstack.yml/browserstack.yaml file containing configuration for tests.
   at browserstack_sdk.YamlParser.parse(String browserStackConfigFilePath, JObject cliArgs, String projectDir) in D:\a\browserstack-csharp-sdk\browserstack-csharp-sdk\run-browserstack\browserstack-sdk\ParseYaml.cs:line 770
   at browserstack_sdk.Program.Main(String[] args) in D:\a\browserstack-csharp-sdk\browserstack-csharp-sdk\run-browserstack\browserstack-sdk\Program.cs:line 659
2025-07-30 19:34:44.4332|INFO|browserstack_sdk.Program|SDK run started with id: fd39a4dc-332e-4095-b77a-9f708bb79627
2025-07-30 19:34:44.4332|INFO|browserstack_sdk.Program|Running SDK with args: --add-patch-bstack, obj\Debug, D:\ProjectAppium\AppiumTask-main\SimpleAppium\bin\Debug\SimpleAppium.dll, Debug
2025-07-30 19:34:44.4745|INFO|browserstack_sdk.utils|Using dotnet: C:\Program Files\dotnet\dotnet.exe
2025-07-30 19:34:45.9981|INFO|browserstack_sdk.Program|Detected Selenium version 4.34.0
2025-07-30 19:34:45.9981|INFO|browserstack_sdk.Program|Detected Appium version 8.0.0
2025-07-30 19:34:45.9981|INFO|browserstack_sdk.Program|Running for f/w vanila none
2025-07-30 19:34:46.1119|INFO|browserstack_sdk.Program|Detected dotnet version 8.0.400
2025-07-30 19:34:46.1223|ERROR|browserstack_sdk.Program|Uncaught exception occured: System.Exception: Config file does not exist at any parent directory of . Please include a browserstack.yml/browserstack.yaml file containing configuration for tests.
   at browserstack_sdk.YamlParser.parse(String browserStackConfigFilePath, JObject cliArgs, String projectDir) in D:\a\browserstack-csharp-sdk\browserstack-csharp-sdk\run-browserstack\browserstack-sdk\ParseYaml.cs:line 770
   at browserstack_sdk.Program.Main(String[] args) in D:\a\browserstack-csharp-sdk\browserstack-csharp-sdk\run-browserstack\browserstack-sdk\Program.cs:line 659
2025-07-30 19:38:02.9633|INFO|browserstack_sdk.Program|SDK run started with id: 034d680e-fd60-457a-96c0-8936d6b6372c
2025-07-30 19:38:02.9802|INFO|browserstack_sdk.Program|Running SDK with args: --add-patch-bstack, obj\Debug, D:\ProjectAppium\AppiumTask-main\SimpleAppium\bin\Debug\SimpleAppium.dll, Debug
2025-07-30 19:38:03.0161|INFO|browserstack_sdk.utils|Using dotnet: C:\Program Files\dotnet\dotnet.exe
2025-07-30 19:38:04.5568|INFO|browserstack_sdk.Program|Detected Selenium version 4.34.0
2025-07-30 19:38:04.5568|INFO|browserstack_sdk.Program|Detected Appium version 8.0.0
2025-07-30 19:38:04.5568|INFO|browserstack_sdk.Program|Running for f/w vanila none
2025-07-30 19:38:04.7031|INFO|browserstack_sdk.Program|Detected dotnet version 8.0.400
2025-07-30 19:38:04.7159|ERROR|browserstack_sdk.Program|Uncaught exception occured: System.Exception: Config file does not exist at any parent directory of . Please include a browserstack.yml/browserstack.yaml file containing configuration for tests.
   at browserstack_sdk.YamlParser.parse(String browserStackConfigFilePath, JObject cliArgs, String projectDir) in D:\a\browserstack-csharp-sdk\browserstack-csharp-sdk\run-browserstack\browserstack-sdk\ParseYaml.cs:line 770
   at browserstack_sdk.Program.Main(String[] args) in D:\a\browserstack-csharp-sdk\browserstack-csharp-sdk\run-browserstack\browserstack-sdk\Program.cs:line 659
2025-07-30 19:39:31.6667|INFO|browserstack_sdk.Program|SDK run started with id: 84de2a82-b917-4c14-b796-a95ca189855b
2025-07-30 19:39:31.6859|INFO|browserstack_sdk.Program|Running SDK with args: --add-patch-bstack, obj\Debug, D:\ProjectAppium\AppiumTask-main\SimpleAppium\bin\Debug\SimpleAppium.dll, Debug
2025-07-30 19:39:31.7192|INFO|browserstack_sdk.utils|Using dotnet: C:\Program Files\dotnet\dotnet.exe
2025-07-30 19:39:33.4676|INFO|browserstack_sdk.Program|Detected Selenium version 4.34.0
2025-07-30 19:39:33.4676|INFO|browserstack_sdk.Program|Detected Appium version 8.0.0
2025-07-30 19:39:33.4676|INFO|browserstack_sdk.Program|Running for f/w vanila none
2025-07-30 19:39:33.6067|INFO|browserstack_sdk.Program|Detected dotnet version 8.0.400
2025-07-30 19:39:33.6186|ERROR|browserstack_sdk.Program|Uncaught exception occured: System.Exception: Config file does not exist at any parent directory of . Please include a browserstack.yml/browserstack.yaml file containing configuration for tests.
   at browserstack_sdk.YamlParser.parse(String browserStackConfigFilePath, JObject cliArgs, String projectDir) in D:\a\browserstack-csharp-sdk\browserstack-csharp-sdk\run-browserstack\browserstack-sdk\ParseYaml.cs:line 770
   at browserstack_sdk.Program.Main(String[] args) in D:\a\browserstack-csharp-sdk\browserstack-csharp-sdk\run-browserstack\browserstack-sdk\Program.cs:line 659
